"../../../Engine/Content/Animation/DefaultAnimBoneCompressionSettings.uasset" 0
"../../../Engine/Content/Animation/DefaultAnimCurveCompressionSettings.uasset" 1
"../../../Engine/Content/Functions/Engine_MaterialFunctions01/Opacity/CameraDepthFade.uasset" 2
"../../../Engine/Content/EngineMaterials/T_Default_Material_Grid_M.uasset" 3
"../../../Engine/Content/EngineMaterials/T_Default_Material_Grid_N.uasset" 4
"../../../Engine/Content/EngineMaterials/WorldGridMaterial.uasset" 5
"../../../Engine/Content/ArtTools/RenderToTexture/Meshes/S_1_Unit_Plane.uasset" 6
"../../../Engine/Content/EngineMaterials/DefaultMaterial.uasset" 7
"../../../Engine/Content/BasicShapes/Cone.uasset" 8
"../../../Engine/Content/BasicShapes/Cylinder.uasset" 9
"../../../Engine/Content/BasicShapes/Plane.uasset" 10
"../../../Engine/Content/EngineMaterials/DefaultPhysicalMaterial.uasset" 11
"../../../Engine/Content/BufferVisualization/AmbientOcclusion.uasset" 12
"../../../Engine/Content/BufferVisualization/BaseColor.uasset" 13
"../../../Engine/Content/BufferVisualization/CustomDepth.uasset" 14
"../../../Engine/Content/Functions/Engine_MaterialFunctions02/Utility/VectorLength.uasset" 15
"../../../Engine/Content/BufferVisualization/CustomDepthWorldUnits.uasset" 16
"../../../Engine/Content/Functions/Engine_MaterialFunctions02/Utility/BreakOutFloat2Components.uasset" 17
"../../../Engine/Content/Functions/Engine_MaterialFunctions01/Texturing/ScaleUVsByCenter.uasset" 18
"../../../Engine/Content/Functions/Engine_MaterialFunctions02/ScreenResolution.uasset" 19
"../../../Engine/Content/Functions/Engine_MaterialFunctions02/Texturing/ScreenAlignedUVs.uasset" 20
"../../../Engine/Content/Functions/Engine_MaterialFunctions02/Utility/MakeFloat2.uasset" 21
"../../../Engine/Content/Functions/Engine_MaterialFunctions02/Utility/MakeFloat3.uasset" 22
"../../../Engine/Content/EngineMaterials/MiniFont.uasset" 23
"../../../Engine/Content/BufferVisualization/CustomStencil.uasset" 24
"../../../Engine/Content/BufferVisualization/FinalImage.uasset" 25
"../../../Engine/Content/BufferVisualization/LightingModel.uasset" 26
"../../../Engine/Content/BufferVisualization/MaterialAO.uasset" 27
"../../../Engine/Content/BufferVisualization/Metallic.uasset" 28
"../../../Engine/Content/BufferVisualization/Opacity.uasset" 29
"../../../Engine/Content/BufferVisualization/PostTonemapHDRColor.uasset" 30
"../../../Engine/Content/BufferVisualization/PreTonemapHDRColor.uasset" 31
"../../../Engine/Content/BufferVisualization/Roughness.uasset" 32
"../../../Engine/Content/BufferVisualization/SceneColor.uasset" 33
"../../../Engine/Content/BufferVisualization/SceneDepth.uasset" 34
"../../../Engine/Content/BufferVisualization/SceneDepthWorldUnits.uasset" 35
"../../../Engine/Content/BufferVisualization/SeparateTranslucencyA.uasset" 36
"../../../Engine/Content/BufferVisualization/SeparateTranslucencyRGB.uasset" 37
"../../../Engine/Content/BufferVisualization/Specular.uasset" 38
"../../../Engine/Content/BufferVisualization/SubsurfaceColor.uasset" 39
"../../../Engine/Content/BufferVisualization/Velocity.uasset" 40
"../../../Engine/Content/BufferVisualization/WorldNormal.uasset" 41
"../../../Engine/Content/EditorLandscapeResources/DataLayer.uasset" 42
"../../../Engine/Content/EditorLandscapeResources/DefaultAlphaTexture.uasset" 43
"../../../Engine/Content/EditorLandscapeResources/LandscapeGizmoHeight_Mat.uasset" 44
"../../../Engine/Content/EditorLandscapeResources/LandscapeGizmo_Mat.uasset" 45
"../../../Engine/Content/EditorLandscapeResources/LandscapeGizmo_Mat_Copied.uasset" 46
"../../../Engine/Content/EditorLandscapeResources/SplineEditorMeshMat.uasset" 47
"../../../Engine/Content/EditorLandscapeResources/SplineEditorMesh.uasset" 48
"../../../Engine/Content/EditorMaterials/Cross.uasset" 49
"../../../Engine/Content/EditorMaterials/Cross_Mat.uasset" 50
"../../../Engine/Content/EngineMaterials/DefaultDiffuse.uasset" 51
"../../../Engine/Content/Functions/Engine_MaterialFunctions01/Texturing/TextureCropping.uasset" 52
"../../../Engine/Content/Functions/Engine_MaterialFunctions01/Texturing/ComputeMipLevel.uasset" 53
"../../../Engine/Content/Functions/Engine_MaterialFunctions02/ExampleContent/DebugNumberStrip.uasset" 54
"../../../Engine/Content/Functions/Engine_MaterialFunctions02/ExampleContent/Textures/DebugNumberPeriod.uasset" 55
"../../../Engine/Content/Functions/Engine_MaterialFunctions02/Utility/DebugScalarValues.uasset" 56
"../../../Engine/Content/Functions/Engine_MaterialFunctions02/Utility/DebugFloat2Values.uasset" 57
"../../../Engine/Content/Functions/Engine_MaterialFunctions02/ExampleContent/Textures/flipbook.uasset" 58
"../../../Engine/Content/Functions/Engine_MaterialFunctions02/Texturing/FlipBook.uasset" 59
"../../../Engine/Content/Functions/Engine_MaterialFunctions02/Utility/Sign.uasset" 60
"../../../Engine/Content/Functions/Engine_MaterialFunctions02/Utility/Round.uasset" 61
"../../../Engine/Content/EditorResources/T_EditorHelp.uasset" 62
"../../../Engine/Content/EditorMaterials/HelpActorMaterial.uasset" 63
"../../../Engine/Content/EditorMaterials/CompositeARGBLayer.uasset" 64
"../../../Engine/Content/EditorMaterials/TilingAALineIntegral.uasset" 65
"../../../Engine/Content/EditorMaterials/TilingAALineBoxFiltered.uasset" 66
"../../../Engine/Content/Functions/Engine_MaterialFunctions03/Procedurals/ComputeFilterWidth.uasset" 67
"../../../Engine/Content/EditorMaterials/TilingAADots.uasset" 68
"../../../Engine/Content/EngineMaterials/BlendFunc_DefBase.uasset" 69
"../../../Engine/Content/EngineMaterials/BlendFunc_DefBlend.uasset" 70
"../../../Engine/Content/Functions/Engine_MaterialFunctions03/Blends/Blend_Screen.uasset" 71
"../../../Engine/Content/EditorMaterials/TilingAAGrid.uasset" 72
"../../../Engine/Content/EditorMaterials/LevelGridMaterial.uasset" 73
"../../../Engine/Content/EditorMaterials/MakeCompositeARGBLayer.uasset" 74
"../../../Engine/Content/EditorResources/LevelGrid1DStripes.uasset" 75
"../../../Engine/Content/EditorMaterials/TextureGridCascaded1D.uasset" 76
"../../../Engine/Content/EditorMaterials/TextureGridCascaded2D.uasset" 77
"../../../Engine/Content/EditorMaterials/LevelGridMaterial2.uasset" 78
"../../../Engine/Content/EditorMaterials/MAT_Groups_Toggle.uasset" 79
"../../../Engine/Content/EditorMaterials/MAT_Groups_Visibility.uasset" 80
"../../../Engine/Content/EditorMaterials/PhAT_BoneSelectedMaterial.uasset" 81
"../../../Engine/Content/EditorMaterials/PhAT_ElemSelectedMaterial.uasset" 82
"../../../Engine/Content/EditorMaterials/PhAT_NoCollisionMaterial.uasset" 83
"../../../Engine/Content/EditorMaterials/PhAT_UnselectedMaterial.uasset" 84
"../../../Engine/Content/EditorMaterials/PreviewShadowIndicator.uasset" 85
"../../../Engine/Content/EditorMaterials/PreviewShadowIndicatorMaterial.uasset" 86
"../../../Engine/Content/EditorMaterials/TargetIcon.uasset" 87
"../../../Engine/Content/EditorMaterials/Tick.uasset" 88
"../../../Engine/Content/EditorMaterials/Tick_Mat.uasset" 89
"../../../Engine/Content/EditorMaterials/WidgetGridVertexColorMaterial.uasset" 90
"../../../Engine/Content/EditorMaterials/WidgetGridVertexColorMaterial_Ma.uasset" 91
"../../../Engine/Content/EditorMaterials/WidgetMaterial.uasset" 92
"../../../Engine/Content/EditorMaterials/WidgetMaterial_Current.uasset" 93
"../../../Engine/Content/EditorMaterials/WidgetMaterial_X.uasset" 94
"../../../Engine/Content/EditorMaterials/WidgetMaterial_Y.uasset" 95
"../../../Engine/Content/EditorMaterials/WidgetMaterial_Z.uasset" 96
"../../../Engine/Content/EditorMaterials/WidgetVertexColorMaterial.uasset" 97
"../../../Engine/Content/EditorMaterials/MatineeGroups/MAT_ColorTrack.uasset" 98
"../../../Engine/Content/EditorMaterials/MatineeGroups/MAT_Groups_Anim.uasset" 99
"../../../Engine/Content/EditorMaterials/MatineeGroups/MAT_Groups_AudioMaster.uasset" 100
"../../../Engine/Content/EditorMaterials/MatineeGroups/MAT_Groups_Director.uasset" 101
"../../../Engine/Content/EditorMaterials/MatineeGroups/MAT_Groups_Event.uasset" 102
"../../../Engine/Content/EditorMaterials/MatineeGroups/MAT_Groups_Fade.uasset" 103
"../../../Engine/Content/EditorMaterials/MatineeGroups/MAT_Groups_Float.uasset" 104
"../../../Engine/Content/EditorMaterials/MatineeGroups/MAT_Groups_Move.uasset" 105
"../../../Engine/Content/EditorMaterials/MatineeGroups/MAT_Groups_Slomo.uasset" 106
"../../../Engine/Content/EditorMaterials/MatineeGroups/MAT_Groups_Sound.uasset" 107
"../../../Engine/Content/EditorMaterials/MatineeGroups/MAT_Groups_Vector.uasset" 108
"../../../Engine/Content/EditorMaterials/ParticleSystems/PSysThumbnail_NoImage.uasset" 109
"../../../Engine/Content/EditorMaterials/ParticleSystems/PSysThumbnail_OOD.uasset" 110
"../../../Engine/Content/EngineMaterials/Grid.uasset" 111
"../../../Engine/Content/EditorMaterials/Thumbnails/FloorPlaneMaterial.uasset" 112
"../../../Engine/Content/EditorMeshes/EditorCube.uasset" 113
"../../../Engine/Content/EditorMeshes/EditorCylinder.uasset" 114
"../../../Engine/Content/EditorMeshes/EditorPlane.uasset" 115
"../../../Engine/Content/EditorMaterials/Thumbnails/SkySphereMaterial.uasset" 116
"../../../Engine/Content/EditorMeshes/EditorSkySphere.uasset" 117
"../../../Engine/Content/EditorMeshes/EditorSphere.uasset" 118
"../../../Engine/Content/EditorResources/MatineeCam_D.uasset" 119
"../../../Engine/Content/EditorMaterials/MatineeCam_mat.uasset" 120
"../../../Engine/Content/EditorMeshes/MatineeCam_SM.uasset" 121
"../../../Engine/Content/EditorMeshes/PlanarReflectionPlane.uasset" 122
"../../../Engine/Content/EditorMaterials/Camera/CineMat.uasset" 123
"../../../Engine/Content/EditorMaterials/Camera/MI_CineMat_CameraBody.uasset" 124
"../../../Engine/Content/EngineDebugMaterials/M_SimpleOpaque.uasset" 125
"../../../Engine/Content/EditorMaterials/Camera/MI_CineMat_CamViewFinder.uasset" 126
"../../../Engine/Content/EditorMeshes/Camera/SM_CineCam.uasset" 127
"../../../Engine/Content/EditorMaterials/Camera/MI_CineMat_Rig.uasset" 128
"../../../Engine/Content/EditorMeshes/Camera/SM_CraneRig_Arm.uasset" 129
"../../../Engine/Content/EditorMeshes/Camera/SM_CraneRig_Base.uasset" 130
"../../../Engine/Content/EditorMeshes/Camera/SM_CraneRig_Body.uasset" 131
"../../../Engine/Content/EditorMeshes/Camera/SM_CraneRig_Mount.uasset" 132
"../../../Engine/Content/EditorMeshes/Camera/SM_RailRig_Mount.uasset" 133
"../../../Engine/Content/EditorMeshes/Camera/SM_RailRig_Track.uasset" 134
"../../../Engine/Content/EditorMeshes/ColorCalibrator/M_ChromeBall.uasset" 135
"../../../Engine/Content/EditorResources/Bad.uasset" 136
"../../../Engine/Content/EditorResources/BSPVertex.uasset" 137
"../../../Engine/Content/EditorResources/EmptyActor.uasset" 138
"../../../Engine/Content/EditorResources/MatInstActSprite.uasset" 139
"../../../Engine/Content/EditorResources/SceneManager.uasset" 140
"../../../Engine/Content/EditorResources/SmallFont.uasset" 141
"../../../Engine/Content/EditorResources/S_Actor.uasset" 142
"../../../Engine/Content/EditorResources/S_CameraShakeSource.uasset" 143
"../../../Engine/Content/EditorResources/S_DecalActorIcon.uasset" 144
"../../../Engine/Content/EditorResources/S_Emitter.uasset" 145
"../../../Engine/Content/EditorResources/S_ExpoHeightFog.uasset" 146
"../../../Engine/Content/EditorResources/S_FTest.uasset" 147
"../../../Engine/Content/EditorResources/S_KBSJoint.uasset" 148
"../../../Engine/Content/EditorResources/S_KHinge.uasset" 149
"../../../Engine/Content/EditorResources/S_KPrismatic.uasset" 150
"../../../Engine/Content/EditorResources/S_LevelSequence.uasset" 151
"../../../Engine/Content/EditorResources/S_NavP.uasset" 152
"../../../Engine/Content/EditorResources/S_Note.uasset" 153
"../../../Engine/Content/EditorResources/S_Player.uasset" 154
"../../../Engine/Content/EditorResources/S_PortalActorIcon2.uasset" 155
"../../../Engine/Content/EditorResources/S_RadForce.uasset" 156
"../../../Engine/Content/EditorResources/S_ReflActorIcon.uasset" 157
"../../../Engine/Content/EditorResources/S_SkyAtmosphere.uasset" 158
"../../../Engine/Content/EditorResources/S_Solver.uasset" 159
"../../../Engine/Content/EditorResources/S_Terrain.uasset" 160
"../../../Engine/Content/EditorResources/S_TextRenderActorIcon.uasset" 161
"../../../Engine/Content/EditorResources/S_Thruster.uasset" 162
"../../../Engine/Content/EditorResources/S_Trigger.uasset" 163
"../../../Engine/Content/EditorResources/S_VectorFieldVol.uasset" 164
"../../../Engine/Content/EditorResources/S_WindDirectional.uasset" 165
"../../../Engine/Content/EditorResources/AI/S_NavLink.uasset" 166
"../../../Engine/Content/EditorResources/AudioIcons/S_AudioComponent_AutoActivate.uasset" 167
"../../../Engine/Content/EditorResources/LightIcons/SkyLight.uasset" 168
"../../../Engine/Content/EditorResources/LightIcons/S_LightDirectional.uasset" 169
"../../../Engine/Content/EditorResources/LightIcons/S_LightDirectionalMove.uasset" 170
"../../../Engine/Content/EditorResources/LightIcons/S_LightError.uasset" 171
"../../../Engine/Content/EditorResources/LightIcons/S_LightPoint.uasset" 172
"../../../Engine/Content/EditorResources/LightIcons/S_LightPointMove.uasset" 173
"../../../Engine/Content/EditorResources/LightIcons/S_LightSpot.uasset" 174
"../../../Engine/Content/EditorResources/LightIcons/S_LightSpotMove.uasset" 175
"../../../Engine/Content/EditorResources/SequenceRecorder/Countdown.uasset" 176
"../../../Engine/Content/EditorResources/SequenceRecorder/RecordingIndicator.uasset" 177
"../../../Engine/Content/EditorResources/Spline/T_Loft_Spline.uasset" 178
"../../../Engine/Content/EditorSounds/Notifications/CompileFailed.uasset" 179
"../../../Engine/Content/EditorSounds/Notifications/CompileFailed_Cue.uasset" 180
"../../../Engine/Content/EditorSounds/Notifications/CompileSuccess.uasset" 181
"../../../Engine/Content/EditorSounds/Notifications/CompileStart_Cue.uasset" 182
"../../../Engine/Content/EditorSounds/Notifications/CompileSuccess_Cue.uasset" 183
"../../../Engine/Content/EngineDamageTypes/DmgTypeBP_Environmental.uasset" 184
"../../../Engine/Content/EngineDebugMaterials/HeatmapGradient.uasset" 185
"../../../Engine/Content/EngineDebugMaterials/BoneWeightMaterial.uasset" 186
"../../../Engine/Content/EngineDebugMaterials/ClothMaterial.uasset" 187
"../../../Engine/Content/EngineDebugMaterials/ClothMaterial_WF.uasset" 188
"../../../Engine/Content/EngineDebugMaterials/DebugEditorMaterial.uasset" 189
"../../../Engine/Content/EngineDebugMaterials/DebugMeshMaterial.uasset" 190
"../../../Engine/Content/EngineDebugMaterials/GeomMaterial.uasset" 191
"../../../Engine/Content/Functions/Engine_MaterialFunctions01/Shading/ConvertFromDiffSpec.uasset" 192
"../../../Engine/Content/EngineDebugMaterials/LevelColorationLitMaterial.uasset" 193
"../../../Engine/Content/EngineDebugMaterials/LevelColorationUnlitMaterial.uasset" 194
"../../../Engine/Content/EngineMaterials/DefaultWhiteGrid.uasset" 195
"../../../Engine/Content/EngineDebugMaterials/MAT_LevelColorationLitLightmapUV.uasset" 196
"../../../Engine/Content/EngineDebugMaterials/M_SimpleUnlitTranslucent.uasset" 197
"../../../Engine/Content/Functions/Engine_MaterialFunctions02/Utility/CameraDirectionVector.uasset" 198
"../../../Engine/Content/EngineDebugMaterials/VolumeToRender.uasset" 199
"../../../Engine/Content/EngineDebugMaterials/M_VolumeRenderSphereTracePP.uasset" 200
"../../../Engine/Content/EngineMaterials/DefaultWhiteGrid_Low.uasset" 201
"../../../Engine/Content/EngineDebugMaterials/PhysicalMaterialMaskMaterial.uasset" 202
"../../../Engine/Content/EngineDebugMaterials/ShadedLevelColorationLitMaterial.uasset" 203
"../../../Engine/Content/EngineDebugMaterials/ShadedLevelColorationUnlitMateri.uasset" 204
"../../../Engine/Content/EngineDebugMaterials/VertexColorMaterial.uasset" 205
"../../../Engine/Content/EngineDebugMaterials/VertexColorViewMode_AlphaAsColor.uasset" 206
"../../../Engine/Content/EngineDebugMaterials/VertexColorViewMode_BlueOnly.uasset" 207
"../../../Engine/Content/EngineDebugMaterials/VertexColorViewMode_ColorOnly.uasset" 208
"../../../Engine/Content/EngineDebugMaterials/VertexColorViewMode_GreenOnly.uasset" 209
"../../../Engine/Content/EngineDebugMaterials/VertexColorViewMode_RedOnly.uasset" 210
"../../../Engine/Content/EngineDebugMaterials/WireframeMaterial.uasset" 211
"../../../Engine/Content/EngineFonts/Faces/DroidSansFallback.uasset" 212
"../../../Engine/Content/EngineFonts/Faces/RobotoBold.uasset" 213
"../../../Engine/Content/EngineFonts/Faces/RobotoBoldItalic.uasset" 214
"../../../Engine/Content/EngineFonts/Faces/RobotoItalic.uasset" 215
"../../../Engine/Content/EngineFonts/Faces/RobotoLight.uasset" 216
"../../../Engine/Content/EngineFonts/Faces/RobotoRegular.uasset" 217
"../../../Engine/Content/EngineFonts/Roboto.uasset" 218
"../../../Engine/Content/EngineFonts/Faces/RobotoTiny.uasset" 219
"../../../Engine/Content/EngineFonts/RobotoTiny.uasset" 220
"../../../Engine/Content/EngineFonts/SmallFont.uasset" 221
"../../../Engine/Content/EngineFonts/TinyFont.uasset" 222
"../../../Engine/Content/EngineMaterials/BaseFlattenDiffuseMap.uasset" 223
"../../../Engine/Content/EngineMaterials/BaseFlattenEmissiveMap.uasset" 224
"../../../Engine/Content/EngineMaterials/BaseFlattenGrayscaleMap.uasset" 225
"../../../Engine/Content/EngineMaterials/BaseFlattenNormalMap.uasset" 226
"../../../Engine/Content/EngineMaterials/BaseFlattenMaterial.uasset" 227
"../../../Engine/Content/EngineResources/WhiteSquareTexture.uasset" 228
"../../../Engine/Content/EngineMaterials/BlinkingCaret.uasset" 229
"../../../Engine/Content/EngineMaterials/BlueNoise.uasset" 230
"../../../Engine/Content/EngineMaterials/DefaultBloomKernel.uasset" 231
"../../../Engine/Content/EngineMaterials/DefaultBokeh.uasset" 232
"../../../Engine/Content/EngineMaterials/DefaultDeferredDecalMaterial.uasset" 233
"../../../Engine/Content/EngineMaterials/DefaultLightFunctionMaterial.uasset" 234
"../../../Engine/Content/EngineMaterials/DefaultNormal.uasset" 235
"../../../Engine/Content/EngineMaterials/DefaultPostProcessMaterial.uasset" 236
"../../../Engine/Content/EngineFonts/RobotoDistanceField.uasset" 237
"../../../Engine/Content/EngineMaterials/DefaultTextMaterialOpaque.uasset" 238
"../../../Engine/Content/EngineMaterials/EditorBrushMaterial.uasset" 239
"../../../Engine/Content/EngineMaterials/EmissiveMeshMaterial.uasset" 240
"../../../Engine/Content/EngineMaterials/GizmoMaterial.uasset" 241
"../../../Engine/Content/EngineMaterials/Good64x64TilingNoiseHighFreq.uasset" 242
"../../../Engine/Content/EngineMaterials/Grid_N.uasset" 243
"../../../Engine/Content/EngineMaterials/HighResolutionScreenshotMaskFunction.uasset" 244
"../../../Engine/Content/EngineMaterials/HighResScreenshot.uasset" 245
"../../../Engine/Content/EngineMaterials/HighResScreenshotCaptureRegion.uasset" 246
"../../../Engine/Content/EngineMaterials/HighResScreenshotMask.uasset" 247
"../../../Engine/Content/EngineMaterials/LandscapeHolePhysicalMaterial.uasset" 248
"../../../Engine/Content/EngineMaterials/InvalidLightmapSettings.uasset" 249
"../../../Engine/Content/EngineMaterials/M_InvalidLightmapSettings.uasset" 250
"../../../Engine/Content/EngineMaterials/PaperDiffuse.uasset" 251
"../../../Engine/Content/EngineMaterials/PaperNormal.uasset" 252
"../../../Engine/Content/Functions/Engine_MaterialFunctions02/WorldPositionOffset/CameraOffset.uasset" 253
"../../../Engine/Content/EngineMaterials/PhAT_JointLimitMaterial.uasset" 254
"../../../Engine/Content/EngineMaterials/PhysMat_Rubber.uasset" 255
"../../../Engine/Content/EngineMaterials/PreintegratedSkinBRDF.uasset" 256
"../../../Engine/Content/EngineMaterials/RemoveSurfaceMaterial.uasset" 257
"../../../Engine/Content/EngineMaterials/WeightMapPlaceholderTexture.uasset" 258
"../../../Engine/Content/Functions/Engine_MaterialFunctions01/ImageAdjustment/sRGBToLinear.uasset" 259
"../../../Engine/Content/Functions/Engine_MaterialFunctions02/Utility/BreakOutFloat3Components.uasset" 260
"../../../Engine/Content/EngineMaterials/Widget3DCameraPassThrough_Opaque_OneSided.uasset" 261
"../../../Engine/Content/EngineMaterials/Widget3DPassThrough.uasset" 262
"../../../Engine/Content/EngineMaterials/Widget3DPassThrough_Masked.uasset" 263
"../../../Engine/Content/EngineMaterials/Widget3DPassThrough_Opaque.uasset" 264
"../../../Engine/Content/EngineMaterials/Widget3DPassThrough_Masked_OneSided.uasset" 265
"../../../Engine/Content/EngineMaterials/Widget3DPassThrough_Opaque_OneSided.uasset" 266
"../../../Engine/Content/EngineMaterials/Widget3DPassThrough_Translucent.uasset" 267
"../../../Engine/Content/EngineMaterials/Widget3DPassThrough_Translucent_OneSided.uasset" 268
"../../../Engine/Content/EngineMeshes/Cylinder.uasset" 269
"../../../Engine/Content/EngineMeshes/Sphere.uasset" 270
"../../../Engine/Content/EngineResources/Black.uasset" 271
"../../../Engine/Content/EngineResources/DefaultTexture.uasset" 272
"../../../Engine/Content/EngineResources/DefaultTextureCube.uasset" 273
"../../../Engine/Content/EngineResources/DefaultVolumeTexture2D.uasset" 274
"../../../Engine/Content/EngineResources/DefaultVolumeTexture.uasset" 275
"../../../Engine/Content/EngineResources/GradientTexture0.uasset" 276
"../../../Engine/Content/EngineResources/StreamingPauseIcon.uasset" 277
"../../../Engine/Content/EngineResources/M_StreamingPause.uasset" 278
"../../../Engine/Content/EngineSounds/Master.uasset" 279
"../../../Engine/Content/Functions/Engine_MaterialFunctions01/Shading/PowerToRoughness.uasset" 280
"../../../Engine/Content/Maps/Templates/Thumbnails/Default.uasset" 281
"../../../Engine/Content/Maps/Templates/Thumbnails/TimeOfDay.uasset" 282
"../../../Engine/Content/Maps/Templates/Thumbnails/VR-Basic.uasset" 283
"../../../Engine/Content/MapTemplates/Sky/DaylightAmbientCubemap.uasset" 284
"../../../Engine/Content/MobileResources/T_MobileControls_texture.uasset" 285
"../../../Engine/Content/MobileResources/T_MobileMenu2.uasset" 286
"../../../Engine/Content/MobileResources/HUD/AnalogHat.uasset" 287
"../../../Engine/Content/MobileResources/HUD/VirtualJoystick_Background.uasset" 288
"../../../Engine/Content/MobileResources/HUD/VirtualJoystick_Thumb.uasset" 289
"../../../Engine/Content/MobileResources/HUD/DefaultVirtualJoysticks.uasset" 290
"../../../Engine/Content/MobileResources/HUD/LeftVirtualJoystickOnly.uasset" 291
"../../../Engine/Content/MobileResources/HUD/MobileHUDButton1_off.uasset" 292
"../../../Engine/Content/MobileResources/HUD/MobileHUDButton1_on.uasset" 293
"../../../Engine/Content/MobileResources/HUD/MobileHUDButton2_off.uasset" 294
"../../../Engine/Content/MobileResources/HUD/MobileHUDButton2_on.uasset" 295
"../../../Engine/Content/MobileResources/HUD/MobileHUDButton3.uasset" 296
"../../../Engine/Content/MobileResources/HUD/MobileHUDButtonFire.uasset" 297
"../../../Engine/Content/MobileResources/HUD/MobileHUDDirectionPad.uasset" 298
"../../../Engine/Content/MobileResources/HUD/MobileHUDDirectionPad2.uasset" 299
"../../../Engine/Content/MobileResources/HUD/MobileHUDDirectionPad3.uasset" 300
"../../../Engine/Content/MobileResources/HUD/MobileHUDDirectionStick.uasset" 301
"../../../Engine/Content/MobileResources/HUD/T_Castle_ThumbstickInner.uasset" 302
"../../../Engine/Content/MobileResources/HUD/T_Castle_ThumbstickOutter.uasset" 303
"../../../Engine/Content/Tutorial/ContentIntroCurve.uasset" 304
"../../../Engine/Content/Tutorial/Basics/LevelEditorAttract.uasset" 305
"../../../Engine/Content/Tutorial/Basics/TutorialAssets/icon_tab_Levels_40x.uasset" 306
"../../../Engine/Content/Tutorial/Basics/LevelEditorOverview.uasset" 307
"../../../Engine/Content/Tutorial/BlueprintTutorials/TutorialAssets/Blueprint_64x.uasset" 308
"../../../Engine/Content/Tutorial/BlueprintTutorials/BlueprintEditorTutorial.uasset" 309
"../../../Engine/Content/VREditor/LaserPointer/VR_LaserPower_01.uasset" 310
"../../../Engine/Content/VREditor/TransformGizmo/TransformGizmoMaterial.uasset" 311
"../../../Engine/Content/VREditor/TransformGizmo/TranslucentTransformGizmoMaterial.uasset" 312
"../../../Engine/Content/VREditor/TransformGizmo/BoundingBoxCorner.uasset" 313
"../../../Engine/Content/VREditor/TransformGizmo/BoundingBoxEdge.uasset" 314
"../../../Engine/Content/VREditor/TransformGizmo/PlaneTranslationHandle.uasset" 315
"../../../Engine/Content/VREditor/TransformGizmo/Main.uasset" 316
"../../../Engine/Content/VREditor/TransformGizmo/Xray.uasset" 317
"../../../Engine/Content/VREditor/TransformGizmo/SM_Sequencer_Key.uasset" 318
"../../../Engine/Content/VREditor/TransformGizmo/SM_Sequencer_Node.uasset" 319
"../../../../../../AGwynne/Documents/Unreal Projects/Rube-Goldburg/Content/Materials/checkedWhite.uasset" 320
"../../../../../../AGwynne/Documents/Unreal Projects/Rube-Goldburg/Content/Materials/checkedWhite_Mat.uasset" 321
"../../../../../../AGwynne/Documents/Unreal Projects/Rube-Goldburg/Content/checkedWhite_Mat.uasset" 322
"../../../../../../AGwynne/Documents/Unreal Projects/Rube-Goldburg/Content/Colours/Glass_V2.uasset" 323
"../../../../../../AGwynne/Documents/Unreal Projects/Rube-Goldburg/Content/Colours/Glass_V2_Inst.uasset" 324
"../../../../../../AGwynne/Documents/Unreal Projects/Rube-Goldburg/Content/Models/track/Funnel.uasset" 325
"../../../../../../AGwynne/Documents/Unreal Projects/Rube-Goldburg/Content/UI/OBJS2/Funnel.uasset" 326
"../../../../../../AGwynne/Documents/Unreal Projects/Rube-Goldburg/Content/Objects/1_Marble/Funnel.uasset" 327
"../../../../../../AGwynne/Documents/Unreal Projects/Rube-Goldburg/Content/Colours/DeepRed.uasset" 328
"../../../../../../AGwynne/Documents/Unreal Projects/Rube-Goldburg/Content/Colours/Grey.uasset" 329
"../../../Engine/Content/BasicShapes/Sphere.uasset" 330
"../../../../../../AGwynne/Documents/Unreal Projects/Rube-Goldburg/Content/Frictionless.uasset" 331
"../../../../../../AGwynne/Documents/Unreal Projects/Rube-Goldburg/Content/Models/track/RampTrack.uasset" 332
"../../../../../../AGwynne/Documents/Unreal Projects/Rube-Goldburg/Content/UI/OBJS2/BallTrack.uasset" 333
"../../../../../../AGwynne/Documents/Unreal Projects/Rube-Goldburg/Content/Objects/1_Marble/TrackBall.uasset" 334
"../../../../../../AGwynne/Documents/Unreal Projects/Rube-Goldburg/Content/Models/track/StraightTrack.uasset" 335
"../../../../../../AGwynne/Documents/Unreal Projects/Rube-Goldburg/Content/UI/OBJS2/flatball.uasset" 336
"../../../../../../AGwynne/Documents/Unreal Projects/Rube-Goldburg/Content/Objects/1_Marble/TrackBallFlat.uasset" 337
"../../../../../../AGwynne/Documents/Unreal Projects/Rube-Goldburg/Content/Models/track/CatcherTrack.uasset" 338
"../../../../../../AGwynne/Documents/Unreal Projects/Rube-Goldburg/Content/UI/OBJS2/CatcherTrack.uasset" 339
"../../../../../../AGwynne/Documents/Unreal Projects/Rube-Goldburg/Content/Objects/1_Marble/TrackCatcher.uasset" 340
"../../../../../../AGwynne/Documents/Unreal Projects/Rube-Goldburg/Content/Models/track/CrossTrack.uasset" 341
"../../../../../../AGwynne/Documents/Unreal Projects/Rube-Goldburg/Content/UI/OBJS2/CrossTrack.uasset" 342
"../../../../../../AGwynne/Documents/Unreal Projects/Rube-Goldburg/Content/Objects/1_Marble/TrackCross.uasset" 343
"../../../../../../AGwynne/Documents/Unreal Projects/Rube-Goldburg/Content/Models/track/CurveTrack.uasset" 344
"../../../../../../AGwynne/Documents/Unreal Projects/Rube-Goldburg/Content/UI/OBJS2/CurveTrack.uasset" 345
"../../../../../../AGwynne/Documents/Unreal Projects/Rube-Goldburg/Content/Objects/1_Marble/TrackCurve.uasset" 346
"../../../../../../AGwynne/Documents/Unreal Projects/Rube-Goldburg/Content/UI/OBJS2/RampTrack.uasset" 347
"../../../../../../AGwynne/Documents/Unreal Projects/Rube-Goldburg/Content/Objects/1_Marble/TrackRamp.uasset" 348
"../../../../../../AGwynne/Documents/Unreal Projects/Rube-Goldburg/Content/Colours/Black.uasset" 349
"../../../../../../AGwynne/Documents/Unreal Projects/Rube-Goldburg/Content/Models/track/ScrewHelix.uasset" 350
"../../../../../../AGwynne/Documents/Unreal Projects/Rube-Goldburg/Content/Materials/ColourPalette_TS.uasset" 351
"../../../../../../AGwynne/Documents/Unreal Projects/Rube-Goldburg/Content/Materials/ColourPalette_Mat.uasset" 352
"../../../../../../AGwynne/Documents/Unreal Projects/Rube-Goldburg/Content/Models/track/Track_Elevator_Mesh.uasset" 353
"../../../../../../AGwynne/Documents/Unreal Projects/Rube-Goldburg/Content/UI/OBJS2/Helix.uasset" 354
"../../../../../../AGwynne/Documents/Unreal Projects/Rube-Goldburg/Content/Objects/1_Marble/TrackScrew.uasset" 355
"../../../../../../AGwynne/Documents/Unreal Projects/Rube-Goldburg/Content/Models/track/SlideTrack.uasset" 356
"../../../../../../AGwynne/Documents/Unreal Projects/Rube-Goldburg/Content/UI/OBJS2/SlopeTrack.uasset" 357
"../../../../../../AGwynne/Documents/Unreal Projects/Rube-Goldburg/Content/Objects/1_Marble/TrackSlide.uasset" 358
"../../../../../../AGwynne/Documents/Unreal Projects/Rube-Goldburg/Content/Models/track/ShortSpiral.uasset" 359
"../../../../../../AGwynne/Documents/Unreal Projects/Rube-Goldburg/Content/UI/OBJS2/SpiralTrack.uasset" 360
"../../../../../../AGwynne/Documents/Unreal Projects/Rube-Goldburg/Content/Objects/1_Marble/TrackSpiral.uasset" 361
"../../../../../../AGwynne/Documents/Unreal Projects/Rube-Goldburg/Content/UI/OBJS2/StraightTrack.uasset" 362
"../../../../../../AGwynne/Documents/Unreal Projects/Rube-Goldburg/Content/Objects/1_Marble/TrackStraight.uasset" 363
"../../../Engine/Content/BasicShapes/BasicShapeMaterial.uasset" 364
"../../../Engine/Content/BasicShapes/Cube.uasset" 365
"../../../../../../AGwynne/Documents/Unreal Projects/Rube-Goldburg/Content/Models/Bridge.uasset" 366
"../../../../../../AGwynne/Documents/Unreal Projects/Rube-Goldburg/Content/Colours/Green.uasset" 367
"../../../../../../AGwynne/Documents/Unreal Projects/Rube-Goldburg/Content/Models/DominoPhys.uasset" 368
"../../../../../../AGwynne/Documents/Unreal Projects/Rube-Goldburg/Content/Models/Domino.uasset" 369
"../../../../../../AGwynne/Documents/Unreal Projects/Rube-Goldburg/Content/UI/OBJS2/bridge.uasset" 370
"../../../../../../AGwynne/Documents/Unreal Projects/Rube-Goldburg/Content/Objects/2_Domino/DominoBridge.uasset" 371
"../../../../../../AGwynne/Documents/Unreal Projects/Rube-Goldburg/Content/Cube.uasset" 372
"../../../../../../AGwynne/Documents/Unreal Projects/Rube-Goldburg/Content/UI/OBJS2/dominoCross.uasset" 373
"../../../../../../AGwynne/Documents/Unreal Projects/Rube-Goldburg/Content/Objects/2_Domino/DominoCross.uasset" 374
"../../../../../../AGwynne/Documents/Unreal Projects/Rube-Goldburg/Content/UI/OBJS2/dominoCurve.uasset" 375
"../../../../../../AGwynne/Documents/Unreal Projects/Rube-Goldburg/Content/Objects/2_Domino/DominoCurve.uasset" 376
"../../../../../../AGwynne/Documents/Unreal Projects/Rube-Goldburg/Content/UI/OBJS2/DominoSplit.uasset" 377
"../../../../../../AGwynne/Documents/Unreal Projects/Rube-Goldburg/Content/Objects/2_Domino/DominoSplit.uasset" 378
"../../../../../../AGwynne/Documents/Unreal Projects/Rube-Goldburg/Content/UI/OBJS2/dominoStraight.uasset" 379
"../../../../../../AGwynne/Documents/Unreal Projects/Rube-Goldburg/Content/Objects/2_Domino/DominoStraight.uasset" 380
"../../../../../../AGwynne/Documents/Unreal Projects/Rube-Goldburg/Content/Colours/White.uasset" 381
"../../../../../../AGwynne/Documents/Unreal Projects/Rube-Goldburg/Content/Models/DominoStairs.uasset" 382
"../../../../../../AGwynne/Documents/Unreal Projects/Rube-Goldburg/Content/UI/OBJS2/dominoStrair.uasset" 383
"../../../../../../AGwynne/Documents/Unreal Projects/Rube-Goldburg/Content/Objects/2_Domino/DominoStrairs.uasset" 384
"../../../../../../AGwynne/Documents/Unreal Projects/Rube-Goldburg/Content/Models/GrateColour.uasset" 385
"../../../../../../AGwynne/Documents/Unreal Projects/Rube-Goldburg/Content/Models/GrateMask.uasset" 386
"../../../../../../AGwynne/Documents/Unreal Projects/Rube-Goldburg/Content/Models/Grate.uasset" 387
"../../../../../../AGwynne/Documents/Unreal Projects/Rube-Goldburg/Content/Models/Track.uasset" 388
"../../../../../../AGwynne/Documents/Unreal Projects/Rube-Goldburg/Content/Models/AT1.uasset" 389
"../../../../../../AGwynne/Documents/Unreal Projects/Rube-Goldburg/Content/UI/OBJS2/trackFlatG.uasset" 390
"../../../../../../AGwynne/Documents/Unreal Projects/Rube-Goldburg/Content/Objects/3_Vehicle/Grate_Flat.uasset" 391
"../../../../../../AGwynne/Documents/Unreal Projects/Rube-Goldburg/Content/Models/AT3.uasset" 392
"../../../../../../AGwynne/Documents/Unreal Projects/Rube-Goldburg/Content/UI/OBJS2/TrackRampG.uasset" 393
"../../../../../../AGwynne/Documents/Unreal Projects/Rube-Goldburg/Content/Objects/3_Vehicle/Grate_Slope.uasset" 394
"../../../../../../AGwynne/Documents/Unreal Projects/Rube-Goldburg/Content/Audio/Paper_Airplane_sound_effect_OGG.uasset" 395
"../../../../../../AGwynne/Documents/Unreal Projects/Rube-Goldburg/Content/ColourPalletteMaterial.uasset" 396
"../../../../../../AGwynne/Documents/Unreal Projects/Rube-Goldburg/Content/Models/Vehicles/Plane_Skeleton.uasset" 397
"../../../../../../AGwynne/Documents/Unreal Projects/Rube-Goldburg/Content/Models/Vehicles/PlanePhysics.uasset" 398
"../../../../../../AGwynne/Documents/Unreal Projects/Rube-Goldburg/Content/Models/Vehicles/Plane.uasset" 399
"../../../../../../AGwynne/Documents/Unreal Projects/Rube-Goldburg/Content/UI/OBJS2/paperPlane.uasset" 400
"../../../Engine/Content/EditorBlueprintResources/StandardMacros.uasset" 401
"../../../../../../AGwynne/Documents/Unreal Projects/Rube-Goldburg/Content/Audio/MusicClass.uasset" 402
"../../../../../../AGwynne/Documents/Unreal Projects/Rube-Goldburg/Content/Audio/MasterClass.uasset" 403
"../../../../../../AGwynne/Documents/Unreal Projects/Rube-Goldburg/Content/Audio/SFXClass.uasset" 404
"../../../../../../AGwynne/Documents/Unreal Projects/Rube-Goldburg/Content/Audio/Button_click_1_WAV.uasset" 405
"../../../../../../AGwynne/Documents/Unreal Projects/Rube-Goldburg/Content/Audio/Button_Click_1.uasset" 406
"../../../../../../AGwynne/Documents/Unreal Projects/Rube-Goldburg/Content/UI/Bin.uasset" 407
"../../../../../../AGwynne/Documents/Unreal Projects/Rube-Goldburg/Content/UI/Channels/Array.uasset" 408
"../../../../../../AGwynne/Documents/Unreal Projects/Rube-Goldburg/Content/UI/Channels/Array_-_Copy.uasset" 409
"../../../../../../AGwynne/Documents/Unreal Projects/Rube-Goldburg/Content/UI/Channels/C1.uasset" 410
"../../../../../../AGwynne/Documents/Unreal Projects/Rube-Goldburg/Content/UI/Channels/C10.uasset" 411
"../../../../../../AGwynne/Documents/Unreal Projects/Rube-Goldburg/Content/UI/Channels/C11.uasset" 412
"../../../../../../AGwynne/Documents/Unreal Projects/Rube-Goldburg/Content/UI/Channels/C12.uasset" 413
"../../../../../../AGwynne/Documents/Unreal Projects/Rube-Goldburg/Content/UI/Channels/C13.uasset" 414
"../../../../../../AGwynne/Documents/Unreal Projects/Rube-Goldburg/Content/UI/Channels/C14.uasset" 415
"../../../../../../AGwynne/Documents/Unreal Projects/Rube-Goldburg/Content/UI/Channels/C15.uasset" 416
"../../../../../../AGwynne/Documents/Unreal Projects/Rube-Goldburg/Content/UI/Channels/C16.uasset" 417
"../../../../../../AGwynne/Documents/Unreal Projects/Rube-Goldburg/Content/UI/Channels/C17.uasset" 418
"../../../../../../AGwynne/Documents/Unreal Projects/Rube-Goldburg/Content/UI/Channels/C18.uasset" 419
"../../../../../../AGwynne/Documents/Unreal Projects/Rube-Goldburg/Content/UI/Channels/C2.uasset" 420
"../../../../../../AGwynne/Documents/Unreal Projects/Rube-Goldburg/Content/UI/Channels/C3.uasset" 421
"../../../../../../AGwynne/Documents/Unreal Projects/Rube-Goldburg/Content/UI/Channels/C4.uasset" 422
"../../../../../../AGwynne/Documents/Unreal Projects/Rube-Goldburg/Content/UI/Channels/C5.uasset" 423
"../../../../../../AGwynne/Documents/Unreal Projects/Rube-Goldburg/Content/UI/Channels/C6.uasset" 424
"../../../../../../AGwynne/Documents/Unreal Projects/Rube-Goldburg/Content/UI/Channels/C7.uasset" 425
"../../../../../../AGwynne/Documents/Unreal Projects/Rube-Goldburg/Content/UI/Channels/C8.uasset" 426
"../../../../../../AGwynne/Documents/Unreal Projects/Rube-Goldburg/Content/UI/Channels/C9.uasset" 427
"../../../../../../AGwynne/Documents/Unreal Projects/Rube-Goldburg/Content/UI/Updated_UI_Assets/Colour_Picker.uasset" 428
"../../../../../../AGwynne/Documents/Unreal Projects/Rube-Goldburg/Content/UI/ChannelPicker.uasset" 429
"../../../../../../AGwynne/Documents/Unreal Projects/Rube-Goldburg/Content/UI/Follow.uasset" 430
"../../../../../../AGwynne/Documents/Unreal Projects/Rube-Goldburg/Content/UI/Msc.uasset" 431
"../../../../../../AGwynne/Documents/Unreal Projects/Rube-Goldburg/Content/UI/Updated_UI_Assets/Toggle_Cam.uasset" 432
"../../../../../../AGwynne/Documents/Unreal Projects/Rube-Goldburg/Content/UI/ObjectButtons.uasset" 433
"../../../../../../AGwynne/Documents/Unreal Projects/Rube-Goldburg/Content/Audio/NewSoundMix.uasset" 434
"../../../../../../AGwynne/Documents/Unreal Projects/Rube-Goldburg/Content/UI/IGM/Settings_Text.uasset" 435
"../../../../../../AGwynne/Documents/Unreal Projects/Rube-Goldburg/Content/UI/IGM/transparent.uasset" 436
"../../../../../../AGwynne/Documents/Unreal Projects/Rube-Goldburg/Content/UI/Updated_UI_Assets/0_.uasset" 437
"../../../../../../AGwynne/Documents/Unreal Projects/Rube-Goldburg/Content/UI/Updated_UI_Assets/100_.uasset" 438
"../../../../../../AGwynne/Documents/Unreal Projects/Rube-Goldburg/Content/UI/Updated_UI_Assets/10_.uasset" 439
"../../../../../../AGwynne/Documents/Unreal Projects/Rube-Goldburg/Content/UI/Updated_UI_Assets/20_.uasset" 440
"../../../../../../AGwynne/Documents/Unreal Projects/Rube-Goldburg/Content/UI/Updated_UI_Assets/30_.uasset" 441
"../../../../../../AGwynne/Documents/Unreal Projects/Rube-Goldburg/Content/UI/Updated_UI_Assets/40_.uasset" 442
"../../../../../../AGwynne/Documents/Unreal Projects/Rube-Goldburg/Content/UI/Updated_UI_Assets/50_.uasset" 443
"../../../../../../AGwynne/Documents/Unreal Projects/Rube-Goldburg/Content/UI/Updated_UI_Assets/60_.uasset" 444
"../../../../../../AGwynne/Documents/Unreal Projects/Rube-Goldburg/Content/UI/Updated_UI_Assets/70_.uasset" 445
"../../../../../../AGwynne/Documents/Unreal Projects/Rube-Goldburg/Content/UI/Updated_UI_Assets/80_.uasset" 446
"../../../../../../AGwynne/Documents/Unreal Projects/Rube-Goldburg/Content/UI/Updated_UI_Assets/90_.uasset" 447
"../../../../../../AGwynne/Documents/Unreal Projects/Rube-Goldburg/Content/UI/Updated_UI_Assets/Audio_Symbol.uasset" 448
"../../../../../../AGwynne/Documents/Unreal Projects/Rube-Goldburg/Content/UI/Updated_UI_Assets/Game_Options_Button_2.uasset" 449
"../../../../../../AGwynne/Documents/Unreal Projects/Rube-Goldburg/Content/UI/Updated_UI_Assets/Menu_Options_Button_Delete.uasset" 450
"../../../../../../AGwynne/Documents/Unreal Projects/Rube-Goldburg/Content/UI/Updated_UI_Assets/Menu_Options_Button_Delete_Pressed.uasset" 451
"../../../../../../AGwynne/Documents/Unreal Projects/Rube-Goldburg/Content/UI/Updated_UI_Assets/Menu_Options_Button_Return.uasset" 452
"../../../../../../AGwynne/Documents/Unreal Projects/Rube-Goldburg/Content/UI/Updated_UI_Assets/Menu_Options_Button_Return_Pressed.uasset" 453
"../../../../../../AGwynne/Documents/Unreal Projects/Rube-Goldburg/Content/UI/Updated_UI_Assets/Menu_Options_Button_Save.uasset" 454
"../../../../../../AGwynne/Documents/Unreal Projects/Rube-Goldburg/Content/UI/Updated_UI_Assets/Menu_Options_Button_Save_Pressed.uasset" 455
"../../../../../../AGwynne/Documents/Unreal Projects/Rube-Goldburg/Content/UI/Updated_UI_Assets/Menu_Options_Music_Symbol.uasset" 456
"../../../../../../AGwynne/Documents/Unreal Projects/Rube-Goldburg/Content/UI/Updated_UI_Assets/Settings_Pop_Up_Background.uasset" 457
"../../../../../../AGwynne/Documents/Unreal Projects/Rube-Goldburg/Content/UI/Updated_UI_Assets/Volume_Arrows_Right.uasset" 458
"../../../../../../AGwynne/Documents/Unreal Projects/Rube-Goldburg/Content/UI/Updated_UI_Assets/Volume_Arrows_Right_Pressed.uasset" 459
"../../../../../../AGwynne/Documents/Unreal Projects/Rube-Goldburg/Content/UI/Stick1.uasset" 460
"../../../../../../AGwynne/Documents/Unreal Projects/Rube-Goldburg/Content/UI/Stick2.uasset" 461
"../../../../../../AGwynne/Documents/Unreal Projects/Rube-Goldburg/Content/UI/TouchInterface.uasset" 462
"../../../../../../AGwynne/Documents/Unreal Projects/Rube-Goldburg/Content/UI/Updated_UI_Assets/Save_Sheet__1.uasset" 463
"../../../../../../AGwynne/Documents/Unreal Projects/Rube-Goldburg/Content/UI/Updated_UI_Assets/Save_Sheet__1_Highlighted.uasset" 464
"../../../../../../AGwynne/Documents/Unreal Projects/Rube-Goldburg/Content/UI/Updated_UI_Assets/Save_Sheet__2.uasset" 465
"../../../../../../AGwynne/Documents/Unreal Projects/Rube-Goldburg/Content/UI/Updated_UI_Assets/Save_Sheet__2_Highlighted.uasset" 466
"../../../../../../AGwynne/Documents/Unreal Projects/Rube-Goldburg/Content/UI/Updated_UI_Assets/Save_Sheet__3.uasset" 467
"../../../../../../AGwynne/Documents/Unreal Projects/Rube-Goldburg/Content/UI/Updated_UI_Assets/Save_Sheet__3_Highlighted.uasset" 468
"../../../../../../AGwynne/Documents/Unreal Projects/Rube-Goldburg/Content/UI/Updated_UI_Assets/X_button_pressed.uasset" 469
"../../../../../../AGwynne/Documents/Unreal Projects/Rube-Goldburg/Content/UI/Widgets/Background.uasset" 470
"../../../../../../AGwynne/Documents/Unreal Projects/Rube-Goldburg/Content/UI/Widgets/Cork_Board.uasset" 471
"../../../../../../AGwynne/Documents/Unreal Projects/Rube-Goldburg/Content/UI/Widgets/Load_Button.uasset" 472
"../../../../../../AGwynne/Documents/Unreal Projects/Rube-Goldburg/Content/UI/Widgets/Load_Save_Sticky_Notes.uasset" 473
"../../../../../../AGwynne/Documents/Unreal Projects/Rube-Goldburg/Content/UI/Updated_UI_Assets/Background.uasset" 474
"../../../../../../AGwynne/Documents/Unreal Projects/Rube-Goldburg/Content/UI/Updated_UI_Assets/Play_Button.uasset" 475
"../../../../../../AGwynne/Documents/Unreal Projects/Rube-Goldburg/Content/UI/Updated_UI_Assets/Play_Button_Pressed.uasset" 476
"../../../../../../AGwynne/Documents/Unreal Projects/Rube-Goldburg/Content/UI/Updated_UI_Assets/Settings_Button.uasset" 477
"../../../../../../AGwynne/Documents/Unreal Projects/Rube-Goldburg/Content/UI/Updated_UI_Assets/Settings_Button_Pressed.uasset" 478
"../../../../../../AGwynne/Documents/Unreal Projects/Rube-Goldburg/Content/UI/Widgets/Logo.uasset" 479
"../../../../../../AGwynne/Documents/Unreal Projects/Rube-Goldburg/Content/UI/Updated_UI_Assets/Freeplay_Pressed.uasset" 480
"../../../../../../AGwynne/Documents/Unreal Projects/Rube-Goldburg/Content/UI/Updated_UI_Assets/Load_Game_Pressed.uasset" 481
"../../../../../../AGwynne/Documents/Unreal Projects/Rube-Goldburg/Content/UI/Widgets/Freeplay.uasset" 482
"../../../../../../AGwynne/Documents/Unreal Projects/Rube-Goldburg/Content/UI/Widgets/Load_Game.uasset" 483
"../../../../../../AGwynne/Documents/Unreal Projects/Rube-Goldburg/Content/UI/Widgets/Play_Game_Sticky_Notes.uasset" 484
"../../../../../../AGwynne/Documents/Unreal Projects/Rube-Goldburg/Content/UI/Updated_UI_Assets/Save_Deleted.uasset" 485
"../../../../../../AGwynne/Documents/Unreal Projects/Rube-Goldburg/Content/UI/Widgets/Delete_Save_Text.uasset" 486
"../../../../../../AGwynne/Documents/Unreal Projects/Rube-Goldburg/Content/UI/Widgets/Load_Save_Text.uasset" 487
"../../../../../../AGwynne/Documents/Unreal Projects/Rube-Goldburg/Content/UI/Widgets/X_button.uasset" 488
"../../../../../../AGwynne/Documents/Unreal Projects/Rube-Goldburg/Content/UI/Widgets/Save.uasset" 489
"../../../../../../AGwynne/Documents/Unreal Projects/Rube-Goldburg/Content/UI/Widgets/Play.uasset" 490
"../../../../../../AGwynne/Documents/Unreal Projects/Rube-Goldburg/Content/UI/Widgets/Settings_Sticky_Note.uasset" 491
"../../../../../../AGwynne/Documents/Unreal Projects/Rube-Goldburg/Content/UI/Widgets/Settings.uasset" 492
"../../../../../../AGwynne/Documents/Unreal Projects/Rube-Goldburg/Content/UI/Widgets/Main.uasset" 493
"../../../../../../AGwynne/Documents/Unreal Projects/Rube-Goldburg/Content/UI/Widgets/Menu_Manager.uasset" 494
"../../../../../../AGwynne/Documents/Unreal Projects/Rube-Goldburg/Content/UI/Widgets/Overwrite_Save.uasset" 495
"../../../../../../AGwynne/Documents/Unreal Projects/Rube-Goldburg/Content/UI/Widgets/InGameSave.uasset" 496
"../../../../../../AGwynne/Documents/Unreal Projects/Rube-Goldburg/Content/UI/PopupMenu.uasset" 497
"../../../../../../AGwynne/Documents/Unreal Projects/Rube-Goldburg/Content/UI/RotAC.uasset" 498
"../../../../../../AGwynne/Documents/Unreal Projects/Rube-Goldburg/Content/UI/RotC.uasset" 499
"../../../../../../AGwynne/Documents/Unreal Projects/Rube-Goldburg/Content/UI/Target.uasset" 500
"../../../../../../AGwynne/Documents/Unreal Projects/Rube-Goldburg/Content/UI/Updated_UI_Assets/Bin.uasset" 501
"../../../../../../AGwynne/Documents/Unreal Projects/Rube-Goldburg/Content/UI/Updated_UI_Assets/CenterSide.uasset" 502
"../../../../../../AGwynne/Documents/Unreal Projects/Rube-Goldburg/Content/UI/Updated_UI_Assets/Close_Tab_Normal.uasset" 503
"../../../../../../AGwynne/Documents/Unreal Projects/Rube-Goldburg/Content/UI/Updated_UI_Assets/Close_Tab_Pressed.uasset" 504
"../../../../../../AGwynne/Documents/Unreal Projects/Rube-Goldburg/Content/UI/Updated_UI_Assets/Dominoes_Tab.uasset" 505
"../../../../../../AGwynne/Documents/Unreal Projects/Rube-Goldburg/Content/UI/Updated_UI_Assets/DownArrow.uasset" 506
"../../../../../../AGwynne/Documents/Unreal Projects/Rube-Goldburg/Content/UI/Updated_UI_Assets/Electrical.uasset" 507
"../../../../../../AGwynne/Documents/Unreal Projects/Rube-Goldburg/Content/UI/Updated_UI_Assets/Game_Options_Button.uasset" 508
"../../../../../../AGwynne/Documents/Unreal Projects/Rube-Goldburg/Content/UI/Updated_UI_Assets/LeftSide.uasset" 509
"../../../../../../AGwynne/Documents/Unreal Projects/Rube-Goldburg/Content/UI/Updated_UI_Assets/Play_Button_Game.uasset" 510
"../../../../../../AGwynne/Documents/Unreal Projects/Rube-Goldburg/Content/UI/Updated_UI_Assets/RightSide.uasset" 511
"../../../../../../AGwynne/Documents/Unreal Projects/Rube-Goldburg/Content/UI/Updated_UI_Assets/Rotate_Left_Arrow.uasset" 512
"../../../../../../AGwynne/Documents/Unreal Projects/Rube-Goldburg/Content/UI/Updated_UI_Assets/Rotate_Right_Arrow.uasset" 513
"../../../../../../AGwynne/Documents/Unreal Projects/Rube-Goldburg/Content/UI/Updated_UI_Assets/Stop_Button.uasset" 514
"../../../../../../AGwynne/Documents/Unreal Projects/Rube-Goldburg/Content/UI/Updated_UI_Assets/Track_Tab.uasset" 515
"../../../../../../AGwynne/Documents/Unreal Projects/Rube-Goldburg/Content/UI/Updated_UI_Assets/UpArrow.uasset" 516
"../../../../../../AGwynne/Documents/Unreal Projects/Rube-Goldburg/Content/UI/Updated_UI_Assets/Vehicles_Tab.uasset" 517
"../../../../../../AGwynne/Documents/Unreal Projects/Rube-Goldburg/Content/UI/UI.uasset" 518
"../../../../../../AGwynne/Documents/Unreal Projects/Rube-Goldburg/Content/Objects/3_Vehicle/PaperPlanee.uasset" 519
"../../../../../../AGwynne/Documents/Unreal Projects/Rube-Goldburg/Content/Models/Road_Flat_Mesh.uasset" 520
"../../../../../../AGwynne/Documents/Unreal Projects/Rube-Goldburg/Content/UI/OBJS2/trackFlat.uasset" 521
"../../../../../../AGwynne/Documents/Unreal Projects/Rube-Goldburg/Content/Objects/3_Vehicle/Plate_Flat.uasset" 522
"../../../../../../AGwynne/Documents/Unreal Projects/Rube-Goldburg/Content/Models/Road_Ramp_Mesh.uasset" 523
"../../../../../../AGwynne/Documents/Unreal Projects/Rube-Goldburg/Content/UI/OBJS2/TrackRamp.uasset" 524
"../../../../../../AGwynne/Documents/Unreal Projects/Rube-Goldburg/Content/Objects/3_Vehicle/PlateSlope.uasset" 525
"../../../../../../AGwynne/Documents/Unreal Projects/Rube-Goldburg/Content/Audio/Rocket_sound_effect_OGG.uasset" 526
"../../../../../../AGwynne/Documents/Unreal Projects/Rube-Goldburg/Content/BottleMat.uasset" 527
"../../../../../../AGwynne/Documents/Unreal Projects/Rube-Goldburg/Content/Models/Vehicles/Rocket_Skeleton.uasset" 528
"../../../../../../AGwynne/Documents/Unreal Projects/Rube-Goldburg/Content/Models/Vehicles/RocketPhysics.uasset" 529
"../../../../../../AGwynne/Documents/Unreal Projects/Rube-Goldburg/Content/Models/Vehicles/Rocket.uasset" 530
"../../../../../../AGwynne/Documents/Unreal Projects/Rube-Goldburg/Content/UI/OBJS2/Rocket.uasset" 531
"../../../../../../AGwynne/Documents/Unreal Projects/Rube-Goldburg/Content/Objects/3_Vehicle/Rockett.uasset" 532
"../../../../../../AGwynne/Documents/Unreal Projects/Rube-Goldburg/Content/Audio/Car_Engine_Sound_effect_OGG_Edited.uasset" 533
"../../../../../../AGwynne/Documents/Unreal Projects/Rube-Goldburg/Content/Models/Vehicles/CarBdy.uasset" 534
"../../../../../../AGwynne/Documents/Unreal Projects/Rube-Goldburg/Content/Models/Vehicles/Carf.uasset" 535
"../../../../../../AGwynne/Documents/Unreal Projects/Rube-Goldburg/Content/Models/Vehicles/CarWhl.uasset" 536
"../../../../../../AGwynne/Documents/Unreal Projects/Rube-Goldburg/Content/UI/OBJS2/Car.uasset" 537
"../../../../../../AGwynne/Documents/Unreal Projects/Rube-Goldburg/Content/Objects/3_Vehicle/TypeSpeed.uasset" 538
"../../../../../../AGwynne/Documents/Unreal Projects/Rube-Goldburg/Content/Models/Vehicles/DozerBdy.uasset" 539
"../../../../../../AGwynne/Documents/Unreal Projects/Rube-Goldburg/Content/Models/Vehicles/DozerWhl1.uasset" 540
"../../../../../../AGwynne/Documents/Unreal Projects/Rube-Goldburg/Content/Models/Vehicles/DozerWhl2.uasset" 541
"../../../../../../AGwynne/Documents/Unreal Projects/Rube-Goldburg/Content/Models/Vehicles/DozerWhl3.uasset" 542
"../../../../../../AGwynne/Documents/Unreal Projects/Rube-Goldburg/Content/UI/OBJS2/Dozer.uasset" 543
"../../../../../../AGwynne/Documents/Unreal Projects/Rube-Goldburg/Content/Objects/3_Vehicle/TypeTechnic.uasset" 544
"../../../../../../AGwynne/Documents/Unreal Projects/Rube-Goldburg/Content/Colours/Glass.uasset" 545
"../../../../../../AGwynne/Documents/Unreal Projects/Rube-Goldburg/Content/Models/Bulb.uasset" 546
"../../../../../../AGwynne/Documents/Unreal Projects/Rube-Goldburg/Content/UI/OBJS2/Bulb.uasset" 547
"../../../../../../AGwynne/Documents/Unreal Projects/Rube-Goldburg/Content/Objects/4_Electric/Bulb.uasset" 548
"../../../../../../AGwynne/Documents/Unreal Projects/Rube-Goldburg/Content/Models/Science/Receiver_Laser_Receiver_Mesh.uasset" 549
"../../../../../../AGwynne/Documents/Unreal Projects/Rube-Goldburg/Content/Models/Science/ReceiverVetr_Laser_Receiver_Mesh_002.uasset" 550
"../../../../../../AGwynne/Documents/Unreal Projects/Rube-Goldburg/Content/UI/OBJS2/rec.uasset" 551
"../../../../../../AGwynne/Documents/Unreal Projects/Rube-Goldburg/Content/Objects/4_Electric/HorizontalLaserReceiver.uasset" 552
"../../../../../../AGwynne/Documents/Unreal Projects/Rube-Goldburg/Content/Models/Science/Laser_MirrorFace_Mesh.uasset" 553
"../../../../../../AGwynne/Documents/Unreal Projects/Rube-Goldburg/Content/Models/Science/Laser_MirrorFrame_Mesh.uasset" 554
"../../../../../../AGwynne/Documents/Unreal Projects/Rube-Goldburg/Content/UI/OBJS2/m1.uasset" 555
"../../../../../../AGwynne/Documents/Unreal Projects/Rube-Goldburg/Content/Objects/4_Electric/HorizontalMirror.uasset" 556
"../../../../../../AGwynne/Documents/Unreal Projects/Rube-Goldburg/Content/Models/Science/ReceiverVetr_Laser_Receiver_Mesh_001.uasset" 557
"../../../../../../AGwynne/Documents/Unreal Projects/Rube-Goldburg/Content/UI/OBJS2/rec2.uasset" 558
"../../../../../../AGwynne/Documents/Unreal Projects/Rube-Goldburg/Content/Objects/4_Electric/HVerticalReceiver1.uasset" 559
"../../../../../../AGwynne/Documents/Unreal Projects/Rube-Goldburg/Content/Objects/4_Electric/HVerticalReceiver2.uasset" 560
"../../../../../../AGwynne/Documents/Unreal Projects/Rube-Goldburg/Content/Audio/Laser_Component_Sound_Effect.uasset" 561
"../../../../../../AGwynne/Documents/Unreal Projects/Rube-Goldburg/Content/Models/Science/Laser_Pointer_Mesh.uasset" 562
"../../../../../../AGwynne/Documents/Unreal Projects/Rube-Goldburg/Content/UI/OBJS2/emmiter.uasset" 563
"../../../../../../AGwynne/Documents/Unreal Projects/Rube-Goldburg/Content/Objects/4_Electric/LaserEmmitter.uasset" 564
"../../../../../../AGwynne/Documents/Unreal Projects/Rube-Goldburg/Content/Colours/ChannelColours/C11.uasset" 565
"../../../../../../AGwynne/Documents/Unreal Projects/Rube-Goldburg/Content/Models/Scales.uasset" 566
"../../../../../../AGwynne/Documents/Unreal Projects/Rube-Goldburg/Content/Models/ScalesBase.uasset" 567
"../../../../../../AGwynne/Documents/Unreal Projects/Rube-Goldburg/Content/Models/ScalesHand.uasset" 568
"../../../../../../AGwynne/Documents/Unreal Projects/Rube-Goldburg/Content/UI/OBJS2/Scales.uasset" 569
"../../../../../../AGwynne/Documents/Unreal Projects/Rube-Goldburg/Content/Objects/4_Electric/Scales.uasset" 570
"../../../../../../AGwynne/Documents/Unreal Projects/Rube-Goldburg/Content/Models/Science/Laser_AngledMirrorFrame_Mesh.uasset" 571
"../../../../../../AGwynne/Documents/Unreal Projects/Rube-Goldburg/Content/UI/OBJS2/m2.uasset" 572
"../../../../../../AGwynne/Documents/Unreal Projects/Rube-Goldburg/Content/Objects/4_Electric/VerticalMirror.uasset" 573
"../../../../../../AGwynne/Documents/Unreal Projects/Rube-Goldburg/Content/Models/Science/DownMirrorFrame.uasset" 574
"../../../../../../AGwynne/Documents/Unreal Projects/Rube-Goldburg/Content/UI/OBJS2/m3.uasset" 575
"../../../../../../AGwynne/Documents/Unreal Projects/Rube-Goldburg/Content/Objects/4_Electric/VerticalMirror2.uasset" 576
"../../../../../../AGwynne/Documents/Unreal Projects/Rube-Goldburg/Content/Audio/Bottle_sound_effect_edited.uasset" 577
"../../../../../../AGwynne/Documents/Unreal Projects/Rube-Goldburg/Content/Models/Bottle.uasset" 578
"../../../../../../AGwynne/Documents/Unreal Projects/Rube-Goldburg/Content/Models/BottleCap.uasset" 579
"../../../../../../AGwynne/Documents/Unreal Projects/Rube-Goldburg/Content/UI/OBJS2/Bottle.uasset" 580
"../../../../../../AGwynne/Documents/Unreal Projects/Rube-Goldburg/Content/Objects/5_Misc/Bottle.uasset" 581
"../../../../../../AGwynne/Documents/Unreal Projects/Rube-Goldburg/Content/Audio/Button_component_used_sound_effect_OGG.uasset" 582
"../../../../../../AGwynne/Documents/Unreal Projects/Rube-Goldburg/Content/Audio/Button_component_used_sound_effect_OGG_Cue.uasset" 583
"../../../../../../AGwynne/Documents/Unreal Projects/Rube-Goldburg/Content/Models/Button_Verticle_Mesh.uasset" 584
"../../../../../../AGwynne/Documents/Unreal Projects/Rube-Goldburg/Content/UI/OBJS2/button1.uasset" 585
"../../../../../../AGwynne/Documents/Unreal Projects/Rube-Goldburg/Content/Objects/5_Misc/Button1.uasset" 586
"../../../../../../AGwynne/Documents/Unreal Projects/Rube-Goldburg/Content/UI/OBJS2/button2.uasset" 587
"../../../../../../AGwynne/Documents/Unreal Projects/Rube-Goldburg/Content/Objects/5_Misc/Button2.uasset" 588
"../../../../../../AGwynne/Documents/Unreal Projects/Rube-Goldburg/Content/Models/Buttons/Button3.uasset" 589
"../../../../../../AGwynne/Documents/Unreal Projects/Rube-Goldburg/Content/UI/OBJS2/button3.uasset" 590
"../../../../../../AGwynne/Documents/Unreal Projects/Rube-Goldburg/Content/Objects/5_Misc/Button3.uasset" 591
"../../../../../../AGwynne/Documents/Unreal Projects/Rube-Goldburg/Content/Objects/5_Misc/Button4.uasset" 592
"../../../../../../AGwynne/Documents/Unreal Projects/Rube-Goldburg/Content/Models/Hammer/Mallet2.uasset" 593
"../../../../../../AGwynne/Documents/Unreal Projects/Rube-Goldburg/Content/Models/Hammer/Stop2.uasset" 594
"../../../../../../AGwynne/Documents/Unreal Projects/Rube-Goldburg/Content/UI/OBJS2/Hammer.uasset" 595
"../../../../../../AGwynne/Documents/Unreal Projects/Rube-Goldburg/Content/Objects/5_Misc/Mallet.uasset" 596
"../../../../../../AGwynne/Documents/Unreal Projects/Rube-Goldburg/Content/Models/SeesawBar.uasset" 597
"../../../../../../AGwynne/Documents/Unreal Projects/Rube-Goldburg/Content/Models/SeesawHolder.uasset" 598
"../../../../../../AGwynne/Documents/Unreal Projects/Rube-Goldburg/Content/UI/OBJS2/SeeSaw.uasset" 599
"../../../../../../AGwynne/Documents/Unreal Projects/Rube-Goldburg/Content/WeightlessCube.uasset" 600
"../../../../../../AGwynne/Documents/Unreal Projects/Rube-Goldburg/Content/Objects/5_Misc/SeeSaw2.uasset" 601
"../../../../../../AGwynne/Documents/Unreal Projects/Rube-Goldburg/Content/Models/volcano/Science_Volcano_Mesh__1__Skeleton.uasset" 602
"../../../../../../AGwynne/Documents/Unreal Projects/Rube-Goldburg/Content/Models/volcano/Science_Volcano_Mesh__1__Anim.uasset" 603
"../../../../../../AGwynne/Documents/Unreal Projects/Rube-Goldburg/Content/Models/volcano/VolcanoAnim.uasset" 604
"../../../../../../AGwynne/Documents/Unreal Projects/Rube-Goldburg/Content/Audio/Volcano_Sound_Effect_edited.uasset" 605
"../../../../../../AGwynne/Documents/Unreal Projects/Rube-Goldburg/Content/Models/volcano/ColourPalletteVolcano.uasset" 606
"../../../../../../AGwynne/Documents/Unreal Projects/Rube-Goldburg/Content/Models/volcano/ColourPalletteVolcano_Mat.uasset" 607
"../../../../../../AGwynne/Documents/Unreal Projects/Rube-Goldburg/Content/Models/volcano/Science_Volcano_Mesh__1__PhysicsAsset.uasset" 608
"../../../../../../AGwynne/Documents/Unreal Projects/Rube-Goldburg/Content/Models/volcano/Science_Volcano_Mesh__1_.uasset" 609
"../../../../../../AGwynne/Documents/Unreal Projects/Rube-Goldburg/Content/Models/volcano/Volcano.uasset" 610
"../../../../../../AGwynne/Documents/Unreal Projects/Rube-Goldburg/Content/UI/OBJS2/Volcano.uasset" 611
"../../../../../../AGwynne/Documents/Unreal Projects/Rube-Goldburg/Content/Objects/5_Misc/Vulcan.uasset" 612
"../../../../../../AGwynne/Documents/Unreal Projects/Rube-Goldburg/Content/Arrow_PhysicsAsset.uasset" 613
"../../../../../../AGwynne/Documents/Unreal Projects/Rube-Goldburg/Content/Arrow_Skeleton.uasset" 614
"../../../../../../AGwynne/Documents/Unreal Projects/Rube-Goldburg/Content/Arrow.uasset" 615
"../../../../../../AGwynne/Documents/Unreal Projects/Rube-Goldburg/Content/UI/ButtonAlpha.uasset" 616
"../../../../../../AGwynne/Documents/Unreal Projects/Rube-Goldburg/Content/UI/Duplicate.uasset" 617
"../../../../../../AGwynne/Documents/Unreal Projects/Rube-Goldburg/Content/UI/Duplicate_Mat.uasset" 618
"../../../../../../AGwynne/Documents/Unreal Projects/Rube-Goldburg/Content/UI/DuplicateCube.uasset" 619
"../../../../../../AGwynne/Documents/Unreal Projects/Rube-Goldburg/Content/UI/Lift.uasset" 620
"../../../../../../AGwynne/Documents/Unreal Projects/Rube-Goldburg/Content/UI/Lift_Mat.uasset" 621
"../../../../../../AGwynne/Documents/Unreal Projects/Rube-Goldburg/Content/UI/LiftCube.uasset" 622
"../../../../../../AGwynne/Documents/Unreal Projects/Rube-Goldburg/Content/UI/MoveFlat.uasset" 623
"../../../../../../AGwynne/Documents/Unreal Projects/Rube-Goldburg/Content/UI/MoveFlatAlpha.uasset" 624
"../../../../../../AGwynne/Documents/Unreal Projects/Rube-Goldburg/Content/UI/MoveFlat_Mat.uasset" 625
"../../../../../../AGwynne/Documents/Unreal Projects/Rube-Goldburg/Content/UI/MoveCube.uasset" 626
"../../../../../../AGwynne/Documents/Unreal Projects/Rube-Goldburg/Content/UI/RotAC_Mat.uasset" 627
"../../../../../../AGwynne/Documents/Unreal Projects/Rube-Goldburg/Content/UI/RotACube.uasset" 628
"../../../../../../AGwynne/Documents/Unreal Projects/Rube-Goldburg/Content/UI/RotC_Mat.uasset" 629
"../../../../../../AGwynne/Documents/Unreal Projects/Rube-Goldburg/Content/UI/RotCube.uasset" 630
"../../../../../../AGwynne/Documents/Unreal Projects/Rube-Goldburg/Content/MyPC.uasset" 631
"../../../../../../AGwynne/Documents/Unreal Projects/Rube-Goldburg/Content/Player.uasset" 632
"../../../../../../AGwynne/Documents/Unreal Projects/Rube-Goldburg/Content/GoldburgGMB.uasset" 633
"../../../../../../AGwynne/Documents/Unreal Projects/Rube-Goldburg/Content/UI/ArrowDown.uasset" 634
"../../../../../../AGwynne/Documents/Unreal Projects/Rube-Goldburg/Content/UI/ArrowLeft.uasset" 635
"../../../../../../AGwynne/Documents/Unreal Projects/Rube-Goldburg/Content/UI/ArrowUP.uasset" 636
"../../../../../../AGwynne/Documents/Unreal Projects/Rube-Goldburg/Content/UI/Bar.uasset" 637
"../../../../../../AGwynne/Documents/Unreal Projects/Rube-Goldburg/Content/UI/CNone.uasset" 638
"../../../../../../AGwynne/Documents/Unreal Projects/Rube-Goldburg/Content/UI/Domino.uasset" 639
"../../../../../../AGwynne/Documents/Unreal Projects/Rube-Goldburg/Content/UI/Move.uasset" 640
"../../../../../../AGwynne/Documents/Unreal Projects/Rube-Goldburg/Content/UI/EditButtons.uasset" 641
"../../../../../../AGwynne/Documents/Unreal Projects/Rube-Goldburg/Content/UI/Fixed.uasset" 642
"../../Plugins/2D/Paper2D/Content/PlaceholderTextures/DummySpriteTexture.uasset" 643
"../../Plugins/2D/Paper2D/Content/DefaultSpriteMaterial.uasset" 644
"../../Plugins/2D/Paper2D/Content/TranslucentUnlitSpriteMaterial.uasset" 645
"../../../../../../AGwynne/Documents/Unreal Projects/Rube-Goldburg/Content/UI/Lift_Sprite.uasset" 646
"../../../../../../AGwynne/Documents/Unreal Projects/Rube-Goldburg/Content/UI/Marble.uasset" 647
"../../../../../../AGwynne/Documents/Unreal Projects/Rube-Goldburg/Content/UI/MoveFlat_Sprite.uasset" 648
"../../../../../../AGwynne/Documents/Unreal Projects/Rube-Goldburg/Content/UI/pLAY.uasset" 649
"../../../../../../AGwynne/Documents/Unreal Projects/Rube-Goldburg/Content/UI/RotAC_Sprite.uasset" 650
"../../../../../../AGwynne/Documents/Unreal Projects/Rube-Goldburg/Content/UI/RotC_Sprite.uasset" 651
"../../../../../../AGwynne/Documents/Unreal Projects/Rube-Goldburg/Content/UI/RotPC.uasset" 652
"../../../../../../AGwynne/Documents/Unreal Projects/Rube-Goldburg/Content/UI/Stop.uasset" 653
"../../../../../../AGwynne/Documents/Unreal Projects/Rube-Goldburg/Content/UI/Untitled.uasset" 654
"../../../../../../AGwynne/Documents/Unreal Projects/Rube-Goldburg/Content/UI/Vehicle.uasset" 655
"../../../../../../AGwynne/Documents/Unreal Projects/Rube-Goldburg/Content/UI/ZoomIn.uasset" 656
"../../../../../../AGwynne/Documents/Unreal Projects/Rube-Goldburg/Content/UI/ZoomoUT.uasset" 657
"../../../../../../AGwynne/Documents/Unreal Projects/Rube-Goldburg/Content/UI/IGM/Are_You_Sure_Pop_Up.uasset" 658
"../../../../../../AGwynne/Documents/Unreal Projects/Rube-Goldburg/Content/UI/IGM/Delete.uasset" 659
"../../../../../../AGwynne/Documents/Unreal Projects/Rube-Goldburg/Content/UI/IGM/Menu.uasset" 660
"../../../../../../AGwynne/Documents/Unreal Projects/Rube-Goldburg/Content/UI/IGM/Menu_Options_Audio_Symbol.uasset" 661
"../../../../../../AGwynne/Documents/Unreal Projects/Rube-Goldburg/Content/UI/IGM/Menu_Options_Music_Symbol.uasset" 662
"../../../../../../AGwynne/Documents/Unreal Projects/Rube-Goldburg/Content/UI/IGM/Options.uasset" 663
"../../../../../../AGwynne/Documents/Unreal Projects/Rube-Goldburg/Content/UI/IGM/Save.uasset" 664
"../../../../../../AGwynne/Documents/Unreal Projects/Rube-Goldburg/Content/UI/IGM/Settings_Pop_Up_Background.uasset" 665
"../../../../../../AGwynne/Documents/Unreal Projects/Rube-Goldburg/Content/UI/OBJS2/Beaker.uasset" 666
"../../../../../../AGwynne/Documents/Unreal Projects/Rube-Goldburg/Content/UI/OBJS2/Conical.uasset" 667
"../../../../../../AGwynne/Documents/Unreal Projects/Rube-Goldburg/Content/UI/OBJS2/Funnel2.uasset" 668
"../../../../../../AGwynne/Documents/Unreal Projects/Rube-Goldburg/Content/UI/Updated_UI_Assets/Are_You_Sure_Pop_Up.uasset" 669
"../../../../../../AGwynne/Documents/Unreal Projects/Rube-Goldburg/Content/UI/Updated_UI_Assets/Arrow.uasset" 670
"../../../../../../AGwynne/Documents/Unreal Projects/Rube-Goldburg/Content/UI/Updated_UI_Assets/Arrow_Left.uasset" 671
"../../../../../../AGwynne/Documents/Unreal Projects/Rube-Goldburg/Content/UI/Updated_UI_Assets/Background_Tabs.uasset" 672
"../../../../../../AGwynne/Documents/Unreal Projects/Rube-Goldburg/Content/UI/Updated_UI_Assets/Button.uasset" 673
"../../../../../../AGwynne/Documents/Unreal Projects/Rube-Goldburg/Content/UI/Updated_UI_Assets/Chemistry_Tab.uasset" 674
"../../../../../../AGwynne/Documents/Unreal Projects/Rube-Goldburg/Content/UI/Updated_UI_Assets/Close_Tab.uasset" 675
"../../../../../../AGwynne/Documents/Unreal Projects/Rube-Goldburg/Content/UI/Updated_UI_Assets/Direction_Arrow.uasset" 676
"../../../../../../AGwynne/Documents/Unreal Projects/Rube-Goldburg/Content/UI/Updated_UI_Assets/Direction_Arrow_left.uasset" 677
"../../../../../../AGwynne/Documents/Unreal Projects/Rube-Goldburg/Content/UI/Updated_UI_Assets/Direction_Arrow_left_Normal.uasset" 678
"../../../../../../AGwynne/Documents/Unreal Projects/Rube-Goldburg/Content/UI/Updated_UI_Assets/Direction_Arrow_Normal.uasset" 679
"../../../../../../AGwynne/Documents/Unreal Projects/Rube-Goldburg/Content/UI/Updated_UI_Assets/Dominoes_L.uasset" 680
"../../../../../../AGwynne/Documents/Unreal Projects/Rube-Goldburg/Content/UI/Updated_UI_Assets/Dominoes_Tab_Lighten.uasset" 681
"../../../../../../AGwynne/Documents/Unreal Projects/Rube-Goldburg/Content/UI/Updated_UI_Assets/Down_Arrow.uasset" 682
"../../../../../../AGwynne/Documents/Unreal Projects/Rube-Goldburg/Content/UI/Updated_UI_Assets/Electrical_L.uasset" 683
"../../../../../../AGwynne/Documents/Unreal Projects/Rube-Goldburg/Content/UI/Updated_UI_Assets/Electrical_Light.uasset" 684
"../../../../../../AGwynne/Documents/Unreal Projects/Rube-Goldburg/Content/UI/Updated_UI_Assets/Menu_Options_Audio_Symbol.uasset" 685
"../../../../../../AGwynne/Documents/Unreal Projects/Rube-Goldburg/Content/UI/Updated_UI_Assets/Menu_Options_Button.uasset" 686
"../../../../../../AGwynne/Documents/Unreal Projects/Rube-Goldburg/Content/UI/Updated_UI_Assets/Minus_Symbol.uasset" 687
"../../../../../../AGwynne/Documents/Unreal Projects/Rube-Goldburg/Content/UI/Updated_UI_Assets/Misc_Light.uasset" 688
"../../../../../../AGwynne/Documents/Unreal Projects/Rube-Goldburg/Content/UI/Updated_UI_Assets/Msc_L.uasset" 689
"../../../../../../AGwynne/Documents/Unreal Projects/Rube-Goldburg/Content/UI/Updated_UI_Assets/Music_Symbol.uasset" 690
"../../../../../../AGwynne/Documents/Unreal Projects/Rube-Goldburg/Content/UI/Updated_UI_Assets/Muted_Button.uasset" 691
"../../../../../../AGwynne/Documents/Unreal Projects/Rube-Goldburg/Content/UI/Updated_UI_Assets/Mute_Button.uasset" 692
"../../../../../../AGwynne/Documents/Unreal Projects/Rube-Goldburg/Content/UI/Updated_UI_Assets/Paper_Button.uasset" 693
"../../../../../../AGwynne/Documents/Unreal Projects/Rube-Goldburg/Content/UI/Updated_UI_Assets/Play_Button_Game_Pressed.uasset" 694
"../../../../../../AGwynne/Documents/Unreal Projects/Rube-Goldburg/Content/UI/Updated_UI_Assets/Plus_Symbol.uasset" 695
"../../../../../../AGwynne/Documents/Unreal Projects/Rube-Goldburg/Content/UI/Updated_UI_Assets/Rotation_Arrow.uasset" 696
"../../../../../../AGwynne/Documents/Unreal Projects/Rube-Goldburg/Content/UI/Updated_UI_Assets/Stop_Button_Pressed.uasset" 697
"../../../../../../AGwynne/Documents/Unreal Projects/Rube-Goldburg/Content/UI/Updated_UI_Assets/Track_L.uasset" 698
"../../../../../../AGwynne/Documents/Unreal Projects/Rube-Goldburg/Content/UI/Updated_UI_Assets/Track_Tab_Light.uasset" 699
"../../../../../../AGwynne/Documents/Unreal Projects/Rube-Goldburg/Content/UI/Updated_UI_Assets/Up_and_Down_Arrow.uasset" 700
"../../../../../../AGwynne/Documents/Unreal Projects/Rube-Goldburg/Content/UI/Updated_UI_Assets/Up_Arrow.uasset" 701
"../../../../../../AGwynne/Documents/Unreal Projects/Rube-Goldburg/Content/UI/Updated_UI_Assets/Vehicles_L.uasset" 702
"../../../../../../AGwynne/Documents/Unreal Projects/Rube-Goldburg/Content/UI/Updated_UI_Assets/Vehicles_Tab_Light.uasset" 703
"../../../../../../AGwynne/Documents/Unreal Projects/Rube-Goldburg/Content/UI/Updated_UI_Assets/Volume_Arrows_Left.uasset" 704
"../../../../../../AGwynne/Documents/Unreal Projects/Rube-Goldburg/Content/UI/Updated_UI_Assets/Volume_Arrows_Left_Pressed.uasset" 705
"../../../../../../AGwynne/Documents/Unreal Projects/Rube-Goldburg/Content/UI/Widgets/Deleted.uasset" 706
"../../../../../../AGwynne/Documents/Unreal Projects/Rube-Goldburg/Content/UI/Widgets/overwrite.uasset" 707
"../../../../../../AGwynne/Documents/Unreal Projects/Rube-Goldburg/Content/UI/Widgets/Play_Button.uasset" 708
"../../../../../../AGwynne/Documents/Unreal Projects/Rube-Goldburg/Content/UI/Widgets/Select.uasset" 709
"../../../../../../AGwynne/Documents/Unreal Projects/Rube-Goldburg/Content/UI/Widgets/Settings_Button.uasset" 710
"../../Plugins/2D/Paper2D/Content/DummySprite.uasset" 711
"../../Plugins/2D/Paper2D/Content/DefaultPaperTerrainMaterial.uasset" 712
"../../Plugins/2D/Paper2D/Content/MaskedUnlitSpriteMaterial.uasset" 713
"../../Plugins/2D/Paper2D/Content/OpaqueUnlitSpriteMaterial.uasset" 714
"../../Plugins/FX/Niagara/Content/Enums/ENiagaraBooleanLogicOps.uasset" 715
"../../Plugins/FX/Niagara/Content/Enums/ENiagaraCoordinateSpace.uasset" 716
"../../Plugins/FX/Niagara/Content/Enums/ENiagaraExpansionMode.uasset" 717
"../../Plugins/FX/Niagara/Content/Enums/ENiagaraOrientationAxis.uasset" 718
"../../Plugins/FX/Niagara/Content/Enums/ENiagaraRandomnessMode.uasset" 719
"../../Plugins/FX/Niagara/Content/Icons/S_ParticleSystem.uasset" 720
"../../../Engine/Content/Functions/Engine_MaterialFunctions02/Utility/BreakOutFloat4Components.uasset" 721
"../../Plugins/Runtime/Oculus/OculusVR/Content/Materials/OculusMR_ChromaKey.uasset" 722
"../../Plugins/Runtime/Oculus/OculusVR/Content/Materials/OculusMR_ChromaKey_Lit.uasset" 723
"../../Plugins/Runtime/Oculus/OculusVR/Content/Materials/OculusMR_OpaqueColoredMaterial.uasset" 724
"../../Plugins/Runtime/Oculus/OculusVR/Content/Materials/OculusMR_WhiteMaterial.uasset" 725
"../../../Engine/Content/Maps/Entry_BuiltData.uasset" 726
"../../../Engine/Content/Maps/Entry.umap" 727
"../../../Engine/Content/EngineSky/C_Sky_Cloud_Color.uasset" 728
"../../../Engine/Content/EngineSky/C_Sky_Horizon_Color.uasset" 729
"../../../Engine/Content/EngineSky/C_Sky_Zenith_Color.uasset" 730
"../../../Engine/Content/EngineSky/T_Sky_Blue.uasset" 731
"../../../Engine/Content/EngineSky/T_Sky_Clouds_M.uasset" 732
"../../../Engine/Content/EngineSky/T_Sky_Stars.uasset" 733
"../../../Engine/Content/EngineSky/M_Sky_Panning_Clouds2.uasset" 734
"../../../Engine/Content/EngineSky/SM_SkySphere.uasset" 735
"../../../Engine/Content/EngineSky/BP_Sky_Sphere.uasset" 736
"../../../../../../AGwynne/Documents/Unreal Projects/Rube-Goldburg/Content/MainScene_BuiltData.uasset" 737
"../../../../../../AGwynne/Documents/Unreal Projects/Rube-Goldburg/Content/Decals/Clock_Alpha.uasset" 738
"../../../../../../AGwynne/Documents/Unreal Projects/Rube-Goldburg/Content/Decals/ClockDecal.uasset" 739
"../../../../../../AGwynne/Documents/Unreal Projects/Rube-Goldburg/Content/Decals/ClockDecal_M.uasset" 740
"../../../../../../AGwynne/Documents/Unreal Projects/Rube-Goldburg/Content/Decals/Logo_Alpha.uasset" 741
"../../../../../../AGwynne/Documents/Unreal Projects/Rube-Goldburg/Content/Decals/LogoDecal.uasset" 742
"../../../../../../AGwynne/Documents/Unreal Projects/Rube-Goldburg/Content/Decals/LogoDecal_M.uasset" 743
"../../../../../../AGwynne/Documents/Unreal Projects/Rube-Goldburg/Content/Materials/ChechedGreen_TS.uasset" 744
"../../../../../../AGwynne/Documents/Unreal Projects/Rube-Goldburg/Content/Materials/CheckedGreen_Mat.uasset" 745
"../../../../../../AGwynne/Documents/Unreal Projects/Rube-Goldburg/Content/Models/Lab/checkedTable.uasset" 746
"../../../../../../AGwynne/Documents/Unreal Projects/Rube-Goldburg/Content/Models/Lab/checkedTable_Mat.uasset" 747
"../../../../../../AGwynne/Documents/Unreal Projects/Rube-Goldburg/Content/Models/Lab/Green/Clock.uasset" 748
"../../../../../../AGwynne/Documents/Unreal Projects/Rube-Goldburg/Content/Models/Lab/Green/ClockMaterial.uasset" 749
"../../../Engine/Content/MapTemplates/SM_Template_Map_Floor.uasset" 750
"../../../../../../AGwynne/Documents/Unreal Projects/Rube-Goldburg/Content/Audio/Timeless__Neutrin05__No_Copyright_Music_.uasset" 751
"../../../../../../AGwynne/Documents/Unreal Projects/Rube-Goldburg/Content/Audio/Timeless__Neutrin05__No_Copyright_Music__Cue.uasset" 752
"../../../../../../AGwynne/Documents/Unreal Projects/Rube-Goldburg/Content/Models/Lab/Brown/Environment_Clock_Mesh.uasset" 753
"../../../../../../AGwynne/Documents/Unreal Projects/Rube-Goldburg/Content/Models/Lab/Brown/Environment_CornerCounterTopA_Mesh.uasset" 754
"../../../../../../AGwynne/Documents/Unreal Projects/Rube-Goldburg/Content/Models/Lab/Brown/Environment_CornerCounterTopB_Mesh.uasset" 755
"../../../../../../AGwynne/Documents/Unreal Projects/Rube-Goldburg/Content/Models/Lab/Brown/Environment_CounterTop_Mesh.uasset" 756
"../../../../../../AGwynne/Documents/Unreal Projects/Rube-Goldburg/Content/Models/Lab/Brown/Environment_Door_Mesh.uasset" 757
"../../../../../../AGwynne/Documents/Unreal Projects/Rube-Goldburg/Content/Models/Lab/Brown/Environment_Light_Mesh.uasset" 758
"../../../../../../AGwynne/Documents/Unreal Projects/Rube-Goldburg/Content/Models/Lab/Brown/Environment_Room_Mesh_RoomShell_MESH_01.uasset" 759
"../../../../../../AGwynne/Documents/Unreal Projects/Rube-Goldburg/Content/Models/Lab/Brown/Environment_ShelfA_Mesh_Shelf_A_MESH_05.uasset" 760
"../../../../../../AGwynne/Documents/Unreal Projects/Rube-Goldburg/Content/Models/Lab/Brown/Environment_ShelfB_Mesh_Shelf_B_MESH_03.uasset" 761
"../../../../../../AGwynne/Documents/Unreal Projects/Rube-Goldburg/Content/Models/Lab/Brown/Environment_Sink_Mesh_LabSink_MESH_02.uasset" 762
"../../../../../../AGwynne/Documents/Unreal Projects/Rube-Goldburg/Content/Models/Lab/Brown/Environment_WhiteBoard_Mesh_WhiteBoard_MESH_01.uasset" 763
"../../../../../../AGwynne/Documents/Unreal Projects/Rube-Goldburg/Content/Models/Lab/Brown/Environment_Window_Mesh_WindowGlass_02.uasset" 764
"../../../../../../AGwynne/Documents/Unreal Projects/Rube-Goldburg/Content/Models/Lab/Brown/Lab_BioHazardBin_MESH_01.uasset" 765
"../../../../../../AGwynne/Documents/Unreal Projects/Rube-Goldburg/Content/Models/Lab/Green/Lab_BioHazardBin_MESH_01.uasset" 766
"../../../../../../AGwynne/Documents/Unreal Projects/Rube-Goldburg/Content/Models/Lab/Green/Lab_Cupboard_A_MESH_02.uasset" 767
"../../../../../../AGwynne/Documents/Unreal Projects/Rube-Goldburg/Content/Models/Lab/Green/Lab_Cupboard_B_MESH_01.uasset" 768
"../../../../../../AGwynne/Documents/Unreal Projects/Rube-Goldburg/Content/Models/Lab/Green/Lab_Cupboard_C_MESH_02.uasset" 769
"../../../../../../AGwynne/Documents/Unreal Projects/Rube-Goldburg/Content/Models/Lab/Green/Lab_Cupboard_D_MESH.uasset" 770
"../../../../../../AGwynne/Documents/Unreal Projects/Rube-Goldburg/Content/Models/Lab/Green/Lab_Door_MESH_01.uasset" 771
"../../../../../../AGwynne/Documents/Unreal Projects/Rube-Goldburg/Content/Models/Lab/Green/Lab_LabSink_LabSink_MESH_02.uasset" 772
"../../../../../../AGwynne/Documents/Unreal Projects/Rube-Goldburg/Content/Models/Lab/Green/Lab_RoomShell_MESH_01.uasset" 773
"../../../../../../AGwynne/Documents/Unreal Projects/Rube-Goldburg/Content/Models/Lab/Green/Lab_Shelf_A_MESH_06.uasset" 774
"../../../../../../AGwynne/Documents/Unreal Projects/Rube-Goldburg/Content/Models/Lab/Green/Lab_Shelf_B_MESH_01.uasset" 775
"../../../../../../AGwynne/Documents/Unreal Projects/Rube-Goldburg/Content/Models/Lab/Green/Lab_Stool_MESH_01.uasset" 776
"../../../../../../AGwynne/Documents/Unreal Projects/Rube-Goldburg/Content/Models/Lab/Green/Lab_Table_MESH_01.uasset" 777
"../../../../../../AGwynne/Documents/Unreal Projects/Rube-Goldburg/Content/Models/Lab/Green/Lab_WallClock_MESH_02.uasset" 778
"../../../../../../AGwynne/Documents/Unreal Projects/Rube-Goldburg/Content/Models/Lab/Green/Lab_WhiteBoard_MESH_01.uasset" 779
"../../../../../../AGwynne/Documents/Unreal Projects/Rube-Goldburg/Content/Models/Lab/Green/ColourPallette_2test_-_Copy.uasset" 780
"../../../../../../AGwynne/Documents/Unreal Projects/Rube-Goldburg/Content/Models/Lab/Green/lambert1.uasset" 781
"../../../../../../AGwynne/Documents/Unreal Projects/Rube-Goldburg/Content/Models/Lab/Green/LabTaps.uasset" 782
"../../../../../../AGwynne/Documents/Unreal Projects/Rube-Goldburg/Content/Models/Lab/TableLarge.uasset" 783
"../../../../../../AGwynne/Documents/Unreal Projects/Rube-Goldburg/Content/Desktop.uasset" 784
"../../../../../../AGwynne/Documents/Unreal Projects/Rube-Goldburg/Content/Table.uasset" 785
"../../../../../../AGwynne/Documents/Unreal Projects/Rube-Goldburg/Content/MainScene.umap" 786
