"../../../Engine/Content/Functions/Engine_MaterialFunctions01/Opacity/CameraDepthFade.uasset" 0
"../../../Engine/Content/EngineMaterials/T_Default_Material_Grid_M.uasset" 1
"../../../Engine/Content/EngineMaterials/T_Default_Material_Grid_N.uasset" 2
"../../../Engine/Content/EngineMaterials/WorldGridMaterial.uasset" 3
"../../../../../../AGwynne/Documents/Unreal Projects/Rube-Goldburg/Content/Models/track/Alternator_S_Track_MESH_01.uasset" 4
"../../../../../../AGwynne/Documents/Unreal Projects/Rube-Goldburg/Content/Colours/Yellow.uasset" 5
"../../../../../../AGwynne/Documents/Unreal Projects/Rube-Goldburg/Content/Models/track/Alternator_Seesaw_MESH_01.uasset" 6
"../../../../../../AGwynne/Documents/Unreal Projects/Rube-Goldburg/Content/Models/track/Alternator_Seesaw_Stand_MESH_01.uasset" 7
"../../../../../../AGwynne/Documents/Unreal Projects/Rube-Goldburg/Content/UI/OBJIMG/straight.uasset" 8
"../../../../../../AGwynne/Documents/Unreal Projects/Rube-Goldburg/Content/AlternatorTrack.uasset" 9
"../../../../../../AGwynne/Documents/Unreal Projects/Rube-Goldburg/Content/Colours/Glass.uasset" 10
"../../../../../../AGwynne/Documents/Unreal Projects/Rube-Goldburg/Content/Models/Beaker.uasset" 11
"../../../../../../AGwynne/Documents/Unreal Projects/Rube-Goldburg/Content/UI/ArrowUP.uasset" 12
"../../../../../../AGwynne/Documents/Unreal Projects/Rube-Goldburg/Content/Beaker.uasset" 13
"../../../../../../AGwynne/Documents/Unreal Projects/Rube-Goldburg/Content/Models/Lab/ColourPallette_2test_-_Copy.uasset" 14
"../../../../../../AGwynne/Documents/Unreal Projects/Rube-Goldburg/Content/Models/Lab/ColourPallette_2test_-_Copy_Mat.uasset" 15
"../../../../../../AGwynne/Documents/Unreal Projects/Rube-Goldburg/Content/Models/Car_Skeleton.uasset" 16
"../../../../../../AGwynne/Documents/Unreal Projects/Rube-Goldburg/Content/Models/CarPhysics.uasset" 17
"../../../../../../AGwynne/Documents/Unreal Projects/Rube-Goldburg/Content/Models/Car.uasset" 18
"../../../../../../AGwynne/Documents/Unreal Projects/Rube-Goldburg/Content/Car.uasset" 19
"../../../../../../AGwynne/Documents/Unreal Projects/Rube-Goldburg/Content/Colours/Green.uasset" 20
"../../../../../../AGwynne/Documents/Unreal Projects/Rube-Goldburg/Content/Models/Buttons/Button1.uasset" 21
"../../../../../../AGwynne/Documents/Unreal Projects/Rube-Goldburg/Content/UI/OBJS2/button1.uasset" 22
"../../../../../../AGwynne/Documents/Unreal Projects/Rube-Goldburg/Content/Objects/Button1.uasset" 23
"../../../../../../AGwynne/Documents/Unreal Projects/Rube-Goldburg/Content/Models/Buttons/Button2.uasset" 24
"../../../../../../AGwynne/Documents/Unreal Projects/Rube-Goldburg/Content/UI/OBJS2/button2.uasset" 25
"../../../../../../AGwynne/Documents/Unreal Projects/Rube-Goldburg/Content/Objects/Button2.uasset" 26
"../../../../../../AGwynne/Documents/Unreal Projects/Rube-Goldburg/Content/Models/Buttons/Button3.uasset" 27
"../../../../../../AGwynne/Documents/Unreal Projects/Rube-Goldburg/Content/UI/OBJS2/button3.uasset" 28
"../../../../../../AGwynne/Documents/Unreal Projects/Rube-Goldburg/Content/Objects/Button3.uasset" 29
"../../../Engine/Content/BasicShapes/Cube.uasset" 30
"../../../../../../AGwynne/Documents/Unreal Projects/Rube-Goldburg/Content/Models/Domino.uasset" 31
"../../../../../../AGwynne/Documents/Unreal Projects/Rube-Goldburg/Content/UI/OBJS2/dominoCross.uasset" 32
"../../../../../../AGwynne/Documents/Unreal Projects/Rube-Goldburg/Content/Objects/DominoCross.uasset" 33
"../../../../../../AGwynne/Documents/Unreal Projects/Rube-Goldburg/Content/UI/OBJS2/dominoCurve.uasset" 34
"../../../../../../AGwynne/Documents/Unreal Projects/Rube-Goldburg/Content/Objects/DominoCurve.uasset" 35
"../../../../../../AGwynne/Documents/Unreal Projects/Rube-Goldburg/Content/UI/OBJS2/DominoSplit.uasset" 36
"../../../../../../AGwynne/Documents/Unreal Projects/Rube-Goldburg/Content/Objects/DominoSplit.uasset" 37
"../../../../../../AGwynne/Documents/Unreal Projects/Rube-Goldburg/Content/UI/OBJS2/dominoStraight.uasset" 38
"../../../../../../AGwynne/Documents/Unreal Projects/Rube-Goldburg/Content/Objects/DominoStraight.uasset" 39
"../../../../../../AGwynne/Documents/Unreal Projects/Rube-Goldburg/Content/Models/track/Basic_Funnel_Pub_01.uasset" 40
"../../../../../../AGwynne/Documents/Unreal Projects/Rube-Goldburg/Content/UI/OBJS2/Funnel2.uasset" 41
"../../../../../../AGwynne/Documents/Unreal Projects/Rube-Goldburg/Content/Objects/Funnel.uasset" 42
"../../../../../../AGwynne/Documents/Unreal Projects/Rube-Goldburg/Content/Models/Rocket_Skeleton.uasset" 43
"../../../../../../AGwynne/Documents/Unreal Projects/Rube-Goldburg/Content/Models/RocketPhysics.uasset" 44
"../../../../../../AGwynne/Documents/Unreal Projects/Rube-Goldburg/Content/Models/Rocket.uasset" 45
"../../../../../../AGwynne/Documents/Unreal Projects/Rube-Goldburg/Content/Objects/Rocket.uasset" 46
"../../../../../../AGwynne/Documents/Unreal Projects/Rube-Goldburg/Content/UI/OBJS2/Rocket.uasset" 47
"../../../../../../AGwynne/Documents/Unreal Projects/Rube-Goldburg/Content/Objects/RocketPad.uasset" 48
"../../../../../../AGwynne/Documents/Unreal Projects/Rube-Goldburg/Content/Colours/DeepRed.uasset" 49
"../../../../../../AGwynne/Documents/Unreal Projects/Rube-Goldburg/Content/Colours/Grey.uasset" 50
"../../../Engine/Content/EngineMaterials/DefaultMaterial.uasset" 51
"../../../Engine/Content/BasicShapes/Sphere.uasset" 52
"../../../../../../AGwynne/Documents/Unreal Projects/Rube-Goldburg/Content/Models/track/RampTrack.uasset" 53
"../../../../../../AGwynne/Documents/Unreal Projects/Rube-Goldburg/Content/UI/OBJS2/BallTrack.uasset" 54
"../../../../../../AGwynne/Documents/Unreal Projects/Rube-Goldburg/Content/Objects/TrackBall.uasset" 55
"../../../../../../AGwynne/Documents/Unreal Projects/Rube-Goldburg/Content/Models/track/CrossTrack.uasset" 56
"../../../../../../AGwynne/Documents/Unreal Projects/Rube-Goldburg/Content/UI/OBJS2/CrossTrack.uasset" 57
"../../../../../../AGwynne/Documents/Unreal Projects/Rube-Goldburg/Content/Objects/TrackCross.uasset" 58
"../../../../../../AGwynne/Documents/Unreal Projects/Rube-Goldburg/Content/Models/track/CurveTrack.uasset" 59
"../../../../../../AGwynne/Documents/Unreal Projects/Rube-Goldburg/Content/UI/OBJS2/CurveTrack.uasset" 60
"../../../../../../AGwynne/Documents/Unreal Projects/Rube-Goldburg/Content/Objects/TrackCurve.uasset" 61
"../../../../../../AGwynne/Documents/Unreal Projects/Rube-Goldburg/Content/UI/OBJS2/RampTrack.uasset" 62
"../../../../../../AGwynne/Documents/Unreal Projects/Rube-Goldburg/Content/Objects/TrackRamp.uasset" 63
"../../../../../../AGwynne/Documents/Unreal Projects/Rube-Goldburg/Content/Models/track/Screw_ScrewTrack.uasset" 64
"../../../../../../AGwynne/Documents/Unreal Projects/Rube-Goldburg/Content/Colours/Black.uasset" 65
"../../../../../../AGwynne/Documents/Unreal Projects/Rube-Goldburg/Content/Models/track/ScrewHelix.uasset" 66
"../../../../../../AGwynne/Documents/Unreal Projects/Rube-Goldburg/Content/UI/OBJS2/Helix.uasset" 67
"../../../../../../AGwynne/Documents/Unreal Projects/Rube-Goldburg/Content/Objects/TrackScrew.uasset" 68
"../../../../../../AGwynne/Documents/Unreal Projects/Rube-Goldburg/Content/Models/track/SlideTrack.uasset" 69
"../../../../../../AGwynne/Documents/Unreal Projects/Rube-Goldburg/Content/UI/OBJS2/SlopeTrack.uasset" 70
"../../../../../../AGwynne/Documents/Unreal Projects/Rube-Goldburg/Content/Objects/TrackSlide.uasset" 71
"../../../../../../AGwynne/Documents/Unreal Projects/Rube-Goldburg/Content/Models/track/StraightTrack.uasset" 72
"../../../../../../AGwynne/Documents/Unreal Projects/Rube-Goldburg/Content/UI/OBJS2/StraightTrack.uasset" 73
"../../../../../../AGwynne/Documents/Unreal Projects/Rube-Goldburg/Content/Objects/TrackStraight.uasset" 74
"../../../../../../AGwynne/Documents/Unreal Projects/Rube-Goldburg/Content/Objects/AE86.uasset" 75
"../../../../../../AGwynne/Documents/Unreal Projects/Rube-Goldburg/Content/UI/OBJS2/Car.uasset" 76
"../../../../../../AGwynne/Documents/Unreal Projects/Rube-Goldburg/Content/Objects/VW.uasset" 77
"../../../../../../AGwynne/Documents/Unreal Projects/Rube-Goldburg/Content/Models/Plane_Skeleton.uasset" 78
"../../../../../../AGwynne/Documents/Unreal Projects/Rube-Goldburg/Content/Models/PlanePhysics.uasset" 79
"../../../../../../AGwynne/Documents/Unreal Projects/Rube-Goldburg/Content/Models/Plane.uasset" 80
"../../../../../../AGwynne/Documents/Unreal Projects/Rube-Goldburg/Content/Objects/PaperPlane.uasset" 81
"../../../../../../AGwynne/Documents/Unreal Projects/Rube-Goldburg/Content/UI/OBJS2/paperPlane.uasset" 82
"../../../../../../AGwynne/Documents/Unreal Projects/Rube-Goldburg/Content/PlaneStart.uasset" 83
"../../../../../../AGwynne/Documents/Unreal Projects/Rube-Goldburg/Content/Arrow_PhysicsAsset.uasset" 84
"../../../../../../AGwynne/Documents/Unreal Projects/Rube-Goldburg/Content/Arrow_Skeleton.uasset" 85
"../../../../../../AGwynne/Documents/Unreal Projects/Rube-Goldburg/Content/Arrow.uasset" 86
"../../../../../../AGwynne/Documents/Unreal Projects/Rube-Goldburg/Content/UI/Bin.uasset" 87
"../../Plugins/2D/Paper2D/Content/PlaceholderTextures/DummySpriteTexture.uasset" 88
"../../Plugins/2D/Paper2D/Content/DummySpriteTexture.uasset" 89
"../../Plugins/2D/Paper2D/Content/DefaultSpriteMaterial.uasset" 90
"../../Plugins/2D/Paper2D/Content/TranslucentUnlitSpriteMaterial.uasset" 91
"../../../../../../AGwynne/Documents/Unreal Projects/Rube-Goldburg/Content/UI/Lift_Sprite.uasset" 92
"../../../../../../AGwynne/Documents/Unreal Projects/Rube-Goldburg/Content/UI/MoveFlat_Sprite.uasset" 93
"../../../../../../AGwynne/Documents/Unreal Projects/Rube-Goldburg/Content/UI/RotAC_Sprite.uasset" 94
"../../../../../../AGwynne/Documents/Unreal Projects/Rube-Goldburg/Content/UI/RotC_Sprite.uasset" 95
"../../../../../../AGwynne/Documents/Unreal Projects/Rube-Goldburg/Content/Player.uasset" 96
"../../../Engine/Content/EditorBlueprintResources/StandardMacros.uasset" 97
"../../../../../../AGwynne/Documents/Unreal Projects/Rube-Goldburg/Content/UI/Fixed.uasset" 98
"../../../../../../AGwynne/Documents/Unreal Projects/Rube-Goldburg/Content/UI/ObjectButtons.uasset" 99
"../../../../../../AGwynne/Documents/Unreal Projects/Rube-Goldburg/Content/UI/ArrowDown.uasset" 100
"../../../../../../AGwynne/Documents/Unreal Projects/Rube-Goldburg/Content/UI/ArrowLeft.uasset" 101
"../../../../../../AGwynne/Documents/Unreal Projects/Rube-Goldburg/Content/UI/ArrowRight.uasset" 102
"../../../../../../AGwynne/Documents/Unreal Projects/Rube-Goldburg/Content/UI/Bar.uasset" 103
"../../../../../../AGwynne/Documents/Unreal Projects/Rube-Goldburg/Content/UI/C1.uasset" 104
"../../../../../../AGwynne/Documents/Unreal Projects/Rube-Goldburg/Content/UI/C2.uasset" 105
"../../../../../../AGwynne/Documents/Unreal Projects/Rube-Goldburg/Content/UI/C3.uasset" 106
"../../../../../../AGwynne/Documents/Unreal Projects/Rube-Goldburg/Content/UI/CNone.uasset" 107
"../../../../../../AGwynne/Documents/Unreal Projects/Rube-Goldburg/Content/UI/Untitled.uasset" 108
"../../../../../../AGwynne/Documents/Unreal Projects/Rube-Goldburg/Content/UI/ChannelPicker.uasset" 109
"../../../../../../AGwynne/Documents/Unreal Projects/Rube-Goldburg/Content/UI/Domino.uasset" 110
"../../../../../../AGwynne/Documents/Unreal Projects/Rube-Goldburg/Content/UI/Follow.uasset" 111
"../../../../../../AGwynne/Documents/Unreal Projects/Rube-Goldburg/Content/UI/Marble.uasset" 112
"../../../../../../AGwynne/Documents/Unreal Projects/Rube-Goldburg/Content/UI/pLAY.uasset" 113
"../../../../../../AGwynne/Documents/Unreal Projects/Rube-Goldburg/Content/UI/RotAC.uasset" 114
"../../../../../../AGwynne/Documents/Unreal Projects/Rube-Goldburg/Content/UI/RotC.uasset" 115
"../../../../../../AGwynne/Documents/Unreal Projects/Rube-Goldburg/Content/UI/RotPAC.uasset" 116
"../../../../../../AGwynne/Documents/Unreal Projects/Rube-Goldburg/Content/UI/RotPC.uasset" 117
"../../../../../../AGwynne/Documents/Unreal Projects/Rube-Goldburg/Content/UI/Stop.uasset" 118
"../../../../../../AGwynne/Documents/Unreal Projects/Rube-Goldburg/Content/UI/Target.uasset" 119
"../../../../../../AGwynne/Documents/Unreal Projects/Rube-Goldburg/Content/UI/Vehicle.uasset" 120
"../../../../../../AGwynne/Documents/Unreal Projects/Rube-Goldburg/Content/UI/ZoomIn.uasset" 121
"../../../../../../AGwynne/Documents/Unreal Projects/Rube-Goldburg/Content/UI/ZoomoUT.uasset" 122
"../../../../../../AGwynne/Documents/Unreal Projects/Rube-Goldburg/Content/UI/UI.uasset" 123
"../../../../../../AGwynne/Documents/Unreal Projects/Rube-Goldburg/Content/GoldburgGMB.uasset" 124
"../../../../../../AGwynne/Documents/Unreal Projects/Rube-Goldburg/Content/MachineObjectTemp.uasset" 125
"../../../../../../AGwynne/Documents/Unreal Projects/Rube-Goldburg/Content/NewPhysicalMaterial.uasset" 126
"../../../../../../AGwynne/Documents/Unreal Projects/Rube-Goldburg/Content/Colours/Blue.uasset" 127
"../../../../../../AGwynne/Documents/Unreal Projects/Rube-Goldburg/Content/Models/track/Alternator2_Seesaw_MESH_01.uasset" 128
"../../../../../../AGwynne/Documents/Unreal Projects/Rube-Goldburg/Content/Models/track/Alternator2_Seesaw_Track_MESH_01.uasset" 129
"../../../../../../AGwynne/Documents/Unreal Projects/Rube-Goldburg/Content/UI/OBJIMG/SeeSaw.uasset" 130
"../../../../../../AGwynne/Documents/Unreal Projects/Rube-Goldburg/Content/TrackSeesaw.uasset" 131
"../../../../../../AGwynne/Documents/Unreal Projects/Rube-Goldburg/Content/Models/Body1.uasset" 132
"../../../../../../AGwynne/Documents/Unreal Projects/Rube-Goldburg/Content/Models/ConicalFlask.uasset" 133
"../../../../../../AGwynne/Documents/Unreal Projects/Rube-Goldburg/Content/Models/Dozer_Skeleton.uasset" 134
"../../../../../../AGwynne/Documents/Unreal Projects/Rube-Goldburg/Content/Models/Dozer.uasset" 135
"../../../../../../AGwynne/Documents/Unreal Projects/Rube-Goldburg/Content/Models/Vehicle_CarBody_Mesh__2_.uasset" 136
"../../../../../../AGwynne/Documents/Unreal Projects/Rube-Goldburg/Content/Models/Vehicle_DozerBody_Mesh.uasset" 137
"../../../../../../AGwynne/Documents/Unreal Projects/Rube-Goldburg/Content/Models/Vehicle_PaperPlane_Mesh.uasset" 138
"../../../../../../AGwynne/Documents/Unreal Projects/Rube-Goldburg/Content/Models/Vehicle_Tyre_Mesh.uasset" 139
"../../../../../../AGwynne/Documents/Unreal Projects/Rube-Goldburg/Content/Models/track/Alternator2_Seesaw_Stand_MESH_01.uasset" 140
"../../../../../../AGwynne/Documents/Unreal Projects/Rube-Goldburg/Content/Models/track/Holder.uasset" 141
"../../../../../../AGwynne/Documents/Unreal Projects/Rube-Goldburg/Content/Models/track/Science_Screw_Pub_01.uasset" 142
"../../../../../../AGwynne/Documents/Unreal Projects/Rube-Goldburg/Content/Models/track/Screw_Helix.uasset" 143
"../../../../../../AGwynne/Documents/Unreal Projects/Rube-Goldburg/Content/Models/track/SEESAW.uasset" 144
"../../../../../../AGwynne/Documents/Unreal Projects/Rube-Goldburg/Content/Objects/PlanePad.uasset" 145
"../../../../../../AGwynne/Documents/Unreal Projects/Rube-Goldburg/Content/Models/track/CatcherTrack.uasset" 146
"../../../../../../AGwynne/Documents/Unreal Projects/Rube-Goldburg/Content/UI/OBJS2/CatcherTrack.uasset" 147
"../../../../../../AGwynne/Documents/Unreal Projects/Rube-Goldburg/Content/Objects/TrackCatcher.uasset" 148
"../../../../../../AGwynne/Documents/Unreal Projects/Rube-Goldburg/Content/UI/Move.uasset" 149
"../../../../../../AGwynne/Documents/Unreal Projects/Rube-Goldburg/Content/UI/EditButtons.uasset" 150
"../../../../../../AGwynne/Documents/Unreal Projects/Rube-Goldburg/Content/UI/Lift.uasset" 151
"../../../../../../AGwynne/Documents/Unreal Projects/Rube-Goldburg/Content/UI/MoveFlat.uasset" 152
"../../../../../../AGwynne/Documents/Unreal Projects/Rube-Goldburg/Content/UI/Stick1.uasset" 153
"../../../../../../AGwynne/Documents/Unreal Projects/Rube-Goldburg/Content/UI/Stick2.uasset" 154
"../../../../../../AGwynne/Documents/Unreal Projects/Rube-Goldburg/Content/UI/TouchInterface.uasset" 155
"../../../../../../AGwynne/Documents/Unreal Projects/Rube-Goldburg/Content/UI/OBJIMG/ball.uasset" 156
"../../../../../../AGwynne/Documents/Unreal Projects/Rube-Goldburg/Content/UI/OBJIMG/curve.uasset" 157
"../../../../../../AGwynne/Documents/Unreal Projects/Rube-Goldburg/Content/UI/OBJIMG/Funnel.uasset" 158
"../../../../../../AGwynne/Documents/Unreal Projects/Rube-Goldburg/Content/UI/OBJIMG/ramp.uasset" 159
"../../../../../../AGwynne/Documents/Unreal Projects/Rube-Goldburg/Content/UI/OBJIMG/Screw.uasset" 160
"../../../../../../AGwynne/Documents/Unreal Projects/Rube-Goldburg/Content/UI/OBJIMG/slide.uasset" 161
"../../../../../../AGwynne/Documents/Unreal Projects/Rube-Goldburg/Content/UI/OBJS2/Beaker.uasset" 162
"../../../../../../AGwynne/Documents/Unreal Projects/Rube-Goldburg/Content/UI/OBJS2/Conical.uasset" 163
"../../../../../../AGwynne/Documents/Unreal Projects/Rube-Goldburg/Content/UI/OBJS2/Dozer.uasset" 164
"../../../Engine/Content/Animation/DefaultAnimCurveCompressionSettings.uasset" 165
"../../../Engine/Content/ArtTools/RenderToTexture/Meshes/S_1_Unit_Plane.uasset" 166
"../../../Engine/Content/BasicShapes/Cone.uasset" 167
"../../../Engine/Content/BasicShapes/Cylinder.uasset" 168
"../../../Engine/Content/BasicShapes/Plane.uasset" 169
"../../../Engine/Content/EditorLandscapeResources/DataLayer.uasset" 170
"../../../Engine/Content/EditorMaterials/MAT_Groups_Toggle.uasset" 171
"../../../Engine/Content/EditorMaterials/MAT_Groups_Visibility.uasset" 172
"../../../Engine/Content/EditorMaterials/PreviewShadowIndicator.uasset" 173
"../../../Engine/Content/EditorMaterials/PreviewShadowIndicatorMaterial.uasset" 174
"../../../Engine/Content/EditorMaterials/MatineeGroups/MAT_ColorTrack.uasset" 175
"../../../Engine/Content/EditorMaterials/MatineeGroups/MAT_Groups_Anim.uasset" 176
"../../../Engine/Content/EditorMaterials/MatineeGroups/MAT_Groups_AudioMaster.uasset" 177
"../../../Engine/Content/EditorMaterials/MatineeGroups/MAT_Groups_Director.uasset" 178
"../../../Engine/Content/EditorMaterials/MatineeGroups/MAT_Groups_Event.uasset" 179
"../../../Engine/Content/EditorMaterials/MatineeGroups/MAT_Groups_Fade.uasset" 180
"../../../Engine/Content/EditorMaterials/MatineeGroups/MAT_Groups_Float.uasset" 181
"../../../Engine/Content/EditorMaterials/MatineeGroups/MAT_Groups_Move.uasset" 182
"../../../Engine/Content/EditorMaterials/MatineeGroups/MAT_Groups_Slomo.uasset" 183
"../../../Engine/Content/EditorMaterials/MatineeGroups/MAT_Groups_Sound.uasset" 184
"../../../Engine/Content/EditorMaterials/MatineeGroups/MAT_Groups_Vector.uasset" 185
"../../../Engine/Content/EditorMaterials/ParticleSystems/PSysThumbnail_NoImage.uasset" 186
"../../../Engine/Content/EditorMaterials/ParticleSystems/PSysThumbnail_OOD.uasset" 187
"../../../Engine/Content/EditorMaterials/Camera/CineMat.uasset" 188
"../../../Engine/Content/EditorMaterials/Camera/MI_CineMat_Rig.uasset" 189
"../../../Engine/Content/EditorMeshes/Camera/SM_CraneRig_Arm.uasset" 190
"../../../Engine/Content/EditorMeshes/Camera/SM_CraneRig_Base.uasset" 191
"../../../Engine/Content/EditorMeshes/Camera/SM_CraneRig_Body.uasset" 192
"../../../Engine/Content/EditorMeshes/Camera/SM_CraneRig_Mount.uasset" 193
"../../../Engine/Content/EditorMeshes/Camera/SM_RailRig_Mount.uasset" 194
"../../../Engine/Content/EditorMeshes/Camera/SM_RailRig_Track.uasset" 195
"../../../Engine/Content/EditorResources/BSPVertex.uasset" 196
"../../../Engine/Content/EditorResources/EmptyActor.uasset" 197
"../../../Engine/Content/EditorResources/S_Actor.uasset" 198
"../../../Engine/Content/EditorResources/S_Note.uasset" 199
"../../../Engine/Content/EditorResources/S_Solver.uasset" 200
"../../../Engine/Content/EditorResources/S_Trigger.uasset" 201
"../../../Engine/Content/EditorResources/LightIcons/S_LightError.uasset" 202
"../../../Engine/Content/EditorResources/SequenceRecorder/Countdown.uasset" 203
"../../../Engine/Content/EditorResources/SequenceRecorder/RecordingIndicator.uasset" 204
"../../../Engine/Content/EditorSounds/Notifications/CompileFailed.uasset" 205
"../../../Engine/Content/EditorSounds/Notifications/CompileFailed_Cue.uasset" 206
"../../../Engine/Content/EditorSounds/Notifications/CompileSuccess.uasset" 207
"../../../Engine/Content/EditorSounds/Notifications/CompileStart_Cue.uasset" 208
"../../../Engine/Content/EditorSounds/Notifications/CompileSuccess_Cue.uasset" 209
"../../../Engine/Content/EngineDamageTypes/DmgTypeBP_Environmental.uasset" 210
"../../../Engine/Content/EngineDebugMaterials/DebugEditorMaterial.uasset" 211
"../../../Engine/Content/EngineDebugMaterials/DebugMeshMaterial.uasset" 212
"../../../Engine/Content/EngineDebugMaterials/M_SimpleTranslucent.uasset" 213
"../../../Engine/Content/Functions/Engine_MaterialFunctions02/Utility/CameraDirectionVector.uasset" 214
"../../../Engine/Content/EngineDebugMaterials/VolumeToRender.uasset" 215
"../../../Engine/Content/EngineDebugMaterials/M_VolumeRenderSphereTracePP.uasset" 216
"../../../Engine/Content/EngineDebugMaterials/WireframeMaterial.uasset" 217
"../../../Engine/Content/EngineFonts/Faces/DroidSansFallback.uasset" 218
"../../../Engine/Content/EngineFonts/Faces/RobotoBold.uasset" 219
"../../../Engine/Content/EngineFonts/Faces/RobotoBoldItalic.uasset" 220
"../../../Engine/Content/EngineFonts/Faces/RobotoItalic.uasset" 221
"../../../Engine/Content/EngineFonts/Faces/RobotoLight.uasset" 222
"../../../Engine/Content/EngineFonts/Faces/RobotoRegular.uasset" 223
"../../../Engine/Content/EngineFonts/Roboto.uasset" 224
"../../../Engine/Content/EngineMaterials/BaseFlattenDiffuseMap.uasset" 225
"../../../Engine/Content/EngineMaterials/BaseFlattenEmissiveMap.uasset" 226
"../../../Engine/Content/EngineMaterials/BaseFlattenGrayscaleMap.uasset" 227
"../../../Engine/Content/EngineMaterials/BaseFlattenNormalMap.uasset" 228
"../../../Engine/Content/EngineMaterials/BaseFlattenMaterial.uasset" 229
"../../../Engine/Content/EngineMaterials/BlueNoise.uasset" 230
"../../../Engine/Content/EngineMaterials/DefaultBloomKernel.uasset" 231
"../../../Engine/Content/EngineMaterials/DefaultBokeh.uasset" 232
"../../../Engine/Content/EngineMaterials/DefaultDiffuse.uasset" 233
"../../../Engine/Content/EngineMaterials/DefaultDeferredDecalMaterial.uasset" 234
"../../../Engine/Content/EngineMaterials/DefaultLightFunctionMaterial.uasset" 235
"../../../Engine/Content/EngineMaterials/DefaultPhysicalMaterial.uasset" 236
"../../../Engine/Content/Functions/Engine_MaterialFunctions02/Utility/BreakOutFloat2Components.uasset" 237
"../../../Engine/Content/EngineMaterials/DefaultPostProcessMaterial.uasset" 238
"../../../Engine/Content/EngineFonts/RobotoDistanceField.uasset" 239
"../../../Engine/Content/EngineMaterials/DefaultTextMaterialOpaque.uasset" 240
"../../../Engine/Content/EngineMaterials/DefaultVirtualTextureMaterial.uasset" 241
"../../../Engine/Content/EngineMaterials/DefaultWhiteGrid.uasset" 242
"../../../Engine/Content/EngineMaterials/DefaultWhiteGrid_Low.uasset" 243
"../../../Engine/Content/EngineMaterials/EmissiveMeshMaterial.uasset" 244
"../../../Engine/Content/EngineMaterials/GizmoMaterial.uasset" 245
"../../../Engine/Content/EngineMaterials/Good64x64TilingNoiseHighFreq.uasset" 246
"../../../Engine/Content/EngineMaterials/HairDefaultMaterial.uasset" 247
"../../../Engine/Content/EngineMaterials/MiniFont.uasset" 248
"../../../Engine/Content/EngineMaterials/InvalidLightmapSettings.uasset" 249
"../../../Engine/Content/EngineMaterials/M_InvalidLightmapSettings.uasset" 250
"../../../Engine/Content/Functions/Engine_MaterialFunctions02/WorldPositionOffset/CameraOffset.uasset" 251
"../../../Engine/Content/EngineMaterials/PhAT_JointLimitMaterial.uasset" 252
"../../../Engine/Content/EngineMaterials/PreintegratedSkinBRDF.uasset" 253
"../../../Engine/Content/EngineMaterials/RemoveSurfaceMaterial.uasset" 254
"../../../Engine/Content/EngineMaterials/WeightMapPlaceholderTexture.uasset" 255
"../../../Engine/Content/EngineResources/WhiteSquareTexture.uasset" 256
"../../../Engine/Content/EngineMaterials/Widget3DPassThrough.uasset" 257
"../../../Engine/Content/EngineMaterials/Widget3DPassThrough_Masked.uasset" 258
"../../../Engine/Content/EngineMaterials/Widget3DPassThrough_Opaque.uasset" 259
"../../../Engine/Content/EngineMaterials/Widget3DPassThrough_Masked_OneSided.uasset" 260
"../../../Engine/Content/EngineMaterials/Widget3DPassThrough_Opaque_OneSided.uasset" 261
"../../../Engine/Content/EngineMaterials/Widget3DPassThrough_Translucent.uasset" 262
"../../../Engine/Content/EngineMaterials/Widget3DPassThrough_Translucent_OneSided.uasset" 263
"../../../Engine/Content/EngineMeshes/Cylinder.uasset" 264
"../../../Engine/Content/EngineMeshes/Sphere.uasset" 265
"../../../Engine/Content/EngineResources/Black.uasset" 266
"../../../Engine/Content/EngineResources/DefaultTexture.uasset" 267
"../../../Engine/Content/EngineResources/DefaultTextureCube.uasset" 268
"../../../Engine/Content/EngineResources/DefaultVolumeTexture2D.uasset" 269
"../../../Engine/Content/EngineResources/DefaultVolumeTexture.uasset" 270
"../../../Engine/Content/EngineResources/GradientTexture0.uasset" 271
"../../../Engine/Content/EngineSounds/Master.uasset" 272
"../../../Engine/Content/Functions/Engine_MaterialFunctions01/Shading/ConvertFromDiffSpec.uasset" 273
"../../../Engine/Content/Functions/Engine_MaterialFunctions01/Shading/PowerToRoughness.uasset" 274
"../../../Engine/Content/Maps/Templates/Thumbnails/Default.uasset" 275
"../../../Engine/Content/Maps/Templates/Thumbnails/TimeOfDay.uasset" 276
"../../../Engine/Content/Maps/Templates/Thumbnails/VR-Basic.uasset" 277
"../../../Engine/Content/MobileResources/T_MobileControls_texture.uasset" 278
"../../../Engine/Content/MobileResources/T_MobileMenu2.uasset" 279
"../../../Engine/Content/MobileResources/HUD/AnalogHat.uasset" 280
"../../../Engine/Content/MobileResources/HUD/VirtualJoystick_Background.uasset" 281
"../../../Engine/Content/MobileResources/HUD/VirtualJoystick_Thumb.uasset" 282
"../../../Engine/Content/MobileResources/HUD/DefaultVirtualJoysticks.uasset" 283
"../../../Engine/Content/MobileResources/HUD/LeftVirtualJoystickOnly.uasset" 284
"../../../Engine/Content/MobileResources/HUD/MobileHUDButton1_off.uasset" 285
"../../../Engine/Content/MobileResources/HUD/MobileHUDButton1_on.uasset" 286
"../../../Engine/Content/MobileResources/HUD/MobileHUDButton2_off.uasset" 287
"../../../Engine/Content/MobileResources/HUD/MobileHUDButton2_on.uasset" 288
"../../../Engine/Content/MobileResources/HUD/MobileHUDButton3.uasset" 289
"../../../Engine/Content/MobileResources/HUD/MobileHUDButtonFire.uasset" 290
"../../../Engine/Content/MobileResources/HUD/MobileHUDDirectionPad.uasset" 291
"../../../Engine/Content/MobileResources/HUD/MobileHUDDirectionPad2.uasset" 292
"../../../Engine/Content/MobileResources/HUD/MobileHUDDirectionPad3.uasset" 293
"../../../Engine/Content/MobileResources/HUD/MobileHUDDirectionStick.uasset" 294
"../../../Engine/Content/MobileResources/HUD/T_Castle_ThumbstickInner.uasset" 295
"../../../Engine/Content/MobileResources/HUD/T_Castle_ThumbstickOutter.uasset" 296
"../../../Engine/Content/Tutorial/ContentIntroCurve.uasset" 297
"../../../Engine/Content/Tutorial/Basics/LevelEditorAttract.uasset" 298
"../../../Engine/Content/Tutorial/Basics/TutorialAssets/icon_tab_Levels_40x.uasset" 299
"../../../Engine/Content/Tutorial/Basics/LevelEditorOverview.uasset" 300
"../../../Engine/Content/Tutorial/BlueprintTutorials/TutorialAssets/Blueprint_64x.uasset" 301
"../../../Engine/Content/Tutorial/BlueprintTutorials/BlueprintEditorTutorial.uasset" 302
"../../../Engine/Content/VREditor/LaserPointer/VR_LaserPower_01.uasset" 303
"../../../Engine/Content/VREditor/TransformGizmo/TransformGizmoMaterial.uasset" 304
"../../../Engine/Content/VREditor/TransformGizmo/TranslucentTransformGizmoMaterial.uasset" 305
"../../../Engine/Content/VREditor/TransformGizmo/BoundingBoxCorner.uasset" 306
"../../../Engine/Content/VREditor/TransformGizmo/BoundingBoxEdge.uasset" 307
"../../../Engine/Content/VREditor/TransformGizmo/PlaneTranslationHandle.uasset" 308
"../../../Engine/Content/VREditor/TransformGizmo/Main.uasset" 309
"../../../Engine/Content/VREditor/TransformGizmo/Xray.uasset" 310
"../../../Engine/Content/VREditor/TransformGizmo/SM_Sequencer_Key.uasset" 311
"../../../Engine/Content/VREditor/TransformGizmo/SM_Sequencer_Node.uasset" 312
"../../Plugins/2D/Paper2D/Content/DummySprite.uasset" 313
"../../Plugins/2D/Paper2D/Content/DefaultPaperTerrainMaterial.uasset" 314
"../../Plugins/2D/Paper2D/Content/MaskedUnlitSpriteMaterial.uasset" 315
"../../Plugins/2D/Paper2D/Content/OpaqueUnlitSpriteMaterial.uasset" 316
"../../../Engine/Content/Functions/Engine_MaterialFunctions02/Utility/BreakOutFloat4Components.uasset" 317
"../../../Engine/Content/Functions/Engine_MaterialFunctions02/Utility/MakeFloat2.uasset" 318
"../../../Engine/Content/Functions/Engine_MaterialFunctions02/Utility/MakeFloat3.uasset" 319
"../../Plugins/Runtime/Oculus/OculusVR/Content/Materials/OculusMR_ChromaKey.uasset" 320
"../../Plugins/Runtime/Oculus/OculusVR/Content/Materials/OculusMR_ChromaKey_Lit.uasset" 321
"../../Plugins/Runtime/Oculus/OculusVR/Content/Materials/OculusMR_OpaqueColoredMaterial.uasset" 322
"../../Plugins/Runtime/Oculus/OculusVR/Content/Materials/OculusMR_WhiteMaterial.uasset" 323
"../../../Engine/Content/EngineSky/C_Sky_Cloud_Color.uasset" 324
"../../../Engine/Content/EngineSky/C_Sky_Horizon_Color.uasset" 325
"../../../Engine/Content/EngineSky/C_Sky_Zenith_Color.uasset" 326
"../../../Engine/Content/EngineSky/T_Sky_Blue.uasset" 327
"../../../Engine/Content/EngineSky/T_Sky_Clouds_M.uasset" 328
"../../../Engine/Content/EngineSky/T_Sky_Stars.uasset" 329
"../../../Engine/Content/EngineSky/M_Sky_Panning_Clouds2.uasset" 330
"../../../Engine/Content/EngineSky/SM_SkySphere.uasset" 331
"../../../Engine/Content/EngineSky/BP_Sky_Sphere.uasset" 332
"../../../../../../AGwynne/Documents/Unreal Projects/Rube-Goldburg/Content/MainScene_BuiltData.uasset" 333
"../../../Engine/Content/BasicShapes/BasicShapeMaterial.uasset" 334
"../../../../../../AGwynne/Documents/Unreal Projects/Rube-Goldburg/Content/Models/Lab/e11b18c855c134e1591f38e71076675698860192_2_500x500.uasset" 335
"../../../../../../AGwynne/Documents/Unreal Projects/Rube-Goldburg/Content/Models/Lab/e11b18c855c134e1591f38e71076675698860192_2_500x500_Mat.uasset" 336
"../../../Engine/Content/MapTemplates/SM_Template_Map_Floor.uasset" 337
"../../../../../../AGwynne/Documents/Unreal Projects/Rube-Goldburg/Content/Models/Lab/Lab_BioHazardBin_MESH_01.uasset" 338
"../../../../../../AGwynne/Documents/Unreal Projects/Rube-Goldburg/Content/Models/Lab/Lab_Cupboard_A_MESH_02.uasset" 339
"../../../../../../AGwynne/Documents/Unreal Projects/Rube-Goldburg/Content/Models/Lab/Lab_Cupboard_B_MESH_01.uasset" 340
"../../../../../../AGwynne/Documents/Unreal Projects/Rube-Goldburg/Content/Models/Lab/Lab_Cupboard_C_MESH_02.uasset" 341
"../../../../../../AGwynne/Documents/Unreal Projects/Rube-Goldburg/Content/Models/Lab/Lab_Cupboard_D_MESH.uasset" 342
"../../../../../../AGwynne/Documents/Unreal Projects/Rube-Goldburg/Content/Models/Lab/Lab_Door_MESH_01.uasset" 343
"../../../../../../AGwynne/Documents/Unreal Projects/Rube-Goldburg/Content/Models/Lab/Lab_GassTap_MESH_14.uasset" 344
"../../../../../../AGwynne/Documents/Unreal Projects/Rube-Goldburg/Content/Models/Lab/Lab_LabSink_LabSink_MESH_02.uasset" 345
"../../../../../../AGwynne/Documents/Unreal Projects/Rube-Goldburg/Content/Models/Lab/Lab_RoomShell_MESH_01.uasset" 346
"../../../../../../AGwynne/Documents/Unreal Projects/Rube-Goldburg/Content/Models/Lab/Lab_Shelf_A_MESH_06.uasset" 347
"../../../../../../AGwynne/Documents/Unreal Projects/Rube-Goldburg/Content/Models/Lab/Lab_Shelf_B_MESH_01.uasset" 348
"../../../../../../AGwynne/Documents/Unreal Projects/Rube-Goldburg/Content/Models/Lab/Lab_Stool_MESH_01.uasset" 349
"../../../../../../AGwynne/Documents/Unreal Projects/Rube-Goldburg/Content/Models/Lab/Lab_Table_MESH_01.uasset" 350
"../../../../../../AGwynne/Documents/Unreal Projects/Rube-Goldburg/Content/Models/Lab/Lab_WallClock_MESH_02.uasset" 351
"../../../../../../AGwynne/Documents/Unreal Projects/Rube-Goldburg/Content/Models/Lab/Lab_WhiteBoard_MESH_01.uasset" 352
"../../../../../../AGwynne/Documents/Unreal Projects/Rube-Goldburg/Content/MainScene.umap" 353
"../../../Engine/Content/Maps/Entry_BuiltData.uasset" 354
"../../../Engine/Content/Maps/Entry.umap" 355
